# JRE version: OpenJDK Runtime Environment (17.0.2+8) (build 17.0.2+8-Debian-1)
# Java VM: OpenJDK 64-Bit Server VM (17.0.2+8-Debian-1, mixed mode, sharing, tiered, compressed oops, compressed class ptrs, g1 gc, linux-amd64)
GC Precious Log:
 CPUs: 16 total, 16 available
 Memory: 64324M
 Large Page Support: Disabled
 NUMA Support: Disabled
 Compressed Oops: Enabled (Zero based)
 Heap Region Size: 8M
 Heap Min Capacity: 8M
 Heap Initial Capacity: 1008M
 Heap Max Capacity: 16088M
 Pre-touch: Disabled
 Parallel Workers: 13
 Concurrent Workers: 3
 Concurrent Refinement Workers: 13
 Periodic GC: Disabled
Heap:
 garbage-first heap   total 139264K, used 51619K [0x0000000412800000, 0x0000000800000000)
  region size 8192K, 4 young (32768K), 1 survivors (8192K)
 Metaspace       used 25794K, committed 26112K, reserved 1073152K
  class space    used 2368K, committed 2496K, reserved 1048576K
GC Heap History (18 events):
Event: 0.696 GC heap before
{Heap before GC invocations=0 (full 0):
 garbage-first heap   total 1048576K, used 57316K [0x0000000412800000, 0x0000000800000000)
  region size 8192K, 6 young (49152K), 0 survivors (0K)
 Metaspace       used 12644K, committed 12928K, reserved 1064960K
  class space    used 1450K, committed 1600K, reserved 1048576K
}
Event: 0.702 GC heap after
{Heap after GC invocations=1 (full 0):
 garbage-first heap   total 1048576K, used 13011K [0x0000000412800000, 0x0000000800000000)
  region size 8192K, 1 young (8192K), 1 survivors (8192K)
 Metaspace       used 12644K, committed 12928K, reserved 1064960K
  class space    used 1450K, committed 1600K, reserved 1048576K
}
Event: 1.269 GC heap before
{Heap before GC invocations=1 (full 0):
 garbage-first heap   total 1048576K, used 37587K [0x0000000412800000, 0x0000000800000000)
  region size 8192K, 5 young (40960K), 1 survivors (8192K)
 Metaspace       used 21282K, committed 21504K, reserved 1073152K
  class space    used 1999K, committed 2112K, reserved 1048576K
}
Event: 1.272 GC heap after
{Heap after GC invocations=2 (full 0):
 garbage-first heap   total 1048576K, used 14191K [0x0000000412800000, 0x0000000800000000)
  region size 8192K, 1 young (8192K), 1 survivors (8192K)
 Metaspace       used 21282K, committed 21504K, reserved 1073152K
  class space    used 1999K, committed 2112K, reserved 1048576K
}
Event: 2.062 GC heap before
{Heap before GC invocations=3 (full 0):
 garbage-first heap   total 139264K, used 79727K [0x0000000412800000, 0x0000000800000000)
  region size 8192K, 10 young (81920K), 1 survivors (8192K)
 Metaspace       used 23443K, committed 23744K, reserved 1073152K
  class space    used 2214K, committed 2368K, reserved 1048576K
}
Event: 2.066 GC heap after
{Heap after GC invocations=4 (full 0):
 garbage-first heap   total 139264K, used 25068K [0x0000000412800000, 0x0000000800000000)
  region size 8192K, 2 young (16384K), 2 survivors (16384K)
 Metaspace       used 23443K, committed 23744K, reserved 1073152K
  class space    used 2214K, committed 2368K, reserved 1048576K
}
Event: 2.076 GC heap before
{Heap before GC invocations=4 (full 0):
 garbage-first heap   total 139264K, used 25068K [0x0000000412800000, 0x0000000800000000)
  region size 8192K, 3 young (24576K), 2 survivors (16384K)
 Metaspace       used 23445K, committed 23744K, reserved 1073152K
  class space    used 2214K, committed 2368K, reserved 1048576K
}
Event: 2.082 GC heap after
{Heap after GC invocations=5 (full 0):
 garbage-first heap   total 139264K, used 30033K [0x0000000412800000, 0x0000000800000000)
  region size 8192K, 1 young (8192K), 1 survivors (8192K)
 Metaspace       used 23445K, committed 23744K, reserved 1073152K
  class space    used 2214K, committed 2368K, reserved 1048576K
}
Event: 5.179 GC heap before
{Heap before GC invocations=5 (full 0):
 garbage-first heap   total 139264K, used 70993K [0x0000000412800000, 0x0000000800000000)
  region size 8192K, 6 young (49152K), 1 survivors (8192K)
 Metaspace       used 25422K, committed 25728K, reserved 1073152K
  class space    used 2358K, committed 2496K, reserved 1048576K
}
Event: 5.181 GC heap after
{Heap after GC invocations=6 (full 0):
 garbage-first heap   total 139264K, used 34729K [0x0000000412800000, 0x0000000800000000)
  region size 8192K, 1 young (8192K), 1 survivors (8192K)
 Metaspace       used 25422K, committed 25728K, reserved 1073152K
  class space    used 2358K, committed 2496K, reserved 1048576K
}
Event: 7.986 GC heap before
{Heap before GC invocations=6 (full 0):
 garbage-first heap   total 139264K, used 75689K [0x0000000412800000, 0x0000000800000000)
  region size 8192K, 6 young (49152K), 1 survivors (8192K)
 Metaspace       used 25722K, committed 26048K, reserved 1073152K
  class space    used 2366K, committed 2496K, reserved 1048576K
}
Event: 7.987 GC heap after
{Heap after GC invocations=7 (full 0):
 garbage-first heap   total 139264K, used 35193K [0x0000000412800000, 0x0000000800000000)
  region size 8192K, 1 young (8192K), 1 survivors (8192K)
 Metaspace       used 25722K, committed 26048K, reserved 1073152K
  class space    used 2366K, committed 2496K, reserved 1048576K
}
Event: 10.908 GC heap before
{Heap before GC invocations=7 (full 0):
 garbage-first heap   total 139264K, used 76153K [0x0000000412800000, 0x0000000800000000)
  region size 8192K, 6 young (49152K), 1 survivors (8192K)
 Metaspace       used 25755K, committed 26112K, reserved 1073152K
  class space    used 2366K, committed 2496K, reserved 1048576K
}
Event: 10.909 GC heap after
{Heap after GC invocations=8 (full 0):
 garbage-first heap   total 139264K, used 35204K [0x0000000412800000, 0x0000000800000000)
  region size 8192K, 1 young (8192K), 1 survivors (8192K)
 Metaspace       used 25755K, committed 26112K, reserved 1073152K
  class space    used 2366K, committed 2496K, reserved 1048576K
}
Event: 14.129 GC heap before
{Heap before GC invocations=8 (full 0):
 garbage-first heap   total 139264K, used 76164K [0x0000000412800000, 0x0000000800000000)
  region size 8192K, 6 young (49152K), 1 survivors (8192K)
 Metaspace       used 25778K, committed 26112K, reserved 1073152K
  class space    used 2366K, committed 2496K, reserved 1048576K
}
Event: 14.131 GC heap after
{Heap after GC invocations=9 (full 0):
 garbage-first heap   total 139264K, used 35204K [0x0000000412800000, 0x0000000800000000)
  region size 8192K, 1 young (8192K), 1 survivors (8192K)
 Metaspace       used 25778K, committed 26112K, reserved 1073152K
  class space    used 2366K, committed 2496K, reserved 1048576K
}
Event: 18.068 GC heap before
{Heap before GC invocations=9 (full 0):
 garbage-first heap   total 139264K, used 84356K [0x0000000412800000, 0x0000000800000000)
  region size 8192K, 7 young (57344K), 1 survivors (8192K)
 Metaspace       used 25788K, committed 26112K, reserved 1073152K
  class space    used 2367K, committed 2496K, reserved 1048576K
}
Event: 18.069 GC heap after
{Heap after GC invocations=10 (full 0):
 garbage-first heap   total 139264K, used 35235K [0x0000000412800000, 0x0000000800000000)
  region size 8192K, 1 young (8192K), 1 survivors (8192K)
 Metaspace       used 25788K, committed 26112K, reserved 1073152K
  class space    used 2367K, committed 2496K, reserved 1048576K
}

