# JRE version: OpenJDK Runtime Environment (17.0.2+8) (build 17.0.2+8-Ubuntu-120.04)
# Java VM: OpenJDK 64-Bit Server VM (17.0.2+8-Ubuntu-120.04, mixed mode, sharing, tiered, compressed oops, compressed class ptrs, g1 gc, linux-amd64)
GC Precious Log:
 CPUs: 4 total, 4 available
 Memory: 7845M
 Large Page Support: Disabled
 NUMA Support: Disabled
 Compressed Oops: Enabled (32-bit)
 Heap Region Size: 1M
 Heap Min Capacity: 8M
 Heap Initial Capacity: 124M
 Heap Max Capacity: 1962M
 Pre-touch: Disabled
 Parallel Workers: 4
 Concurrent Workers: 1
 Concurrent Refinement Workers: 4
 Periodic GC: Disabled
Heap:
 garbage-first heap   total 78848K, used 53158K [0x0000000085600000, 0x0000000100000000)
  region size 1024K, 24 young (24576K), 2 survivors (2048K)
 Metaspace       used 24883K, committed 25216K, reserved 1073152K
  class space    used 2334K, committed 2496K, reserved 1048576K
GC Heap History (20 events):
Event: 1.347 GC heap before
{Heap before GC invocations=1 (full 0):
 garbage-first heap   total 129024K, used 24384K [0x0000000085600000, 0x0000000100000000)
  region size 1024K, 21 young (21504K), 2 survivors (2048K)
 Metaspace       used 10769K, committed 10944K, reserved 1064960K
  class space    used 1311K, committed 1408K, reserved 1048576K
}
Event: 1.354 GC heap after
{Heap after GC invocations=2 (full 0):
 garbage-first heap   total 129024K, used 6257K [0x0000000085600000, 0x0000000100000000)
  region size 1024K, 2 young (2048K), 2 survivors (2048K)
 Metaspace       used 10769K, committed 10944K, reserved 1064960K
  class space    used 1311K, committed 1408K, reserved 1048576K
}
Event: 2.966 GC heap before
{Heap before GC invocations=2 (full 0):
 garbage-first heap   total 129024K, used 43121K [0x0000000085600000, 0x0000000100000000)
  region size 1024K, 39 young (39936K), 2 survivors (2048K)
 Metaspace       used 18404K, committed 18688K, reserved 1073152K
  class space    used 1776K, committed 1920K, reserved 1048576K
}
Event: 2.971 GC heap after
{Heap after GC invocations=3 (full 0):
 garbage-first heap   total 129024K, used 7191K [0x0000000085600000, 0x0000000100000000)
  region size 1024K, 3 young (3072K), 3 survivors (3072K)
 Metaspace       used 18404K, committed 18688K, reserved 1073152K
  class space    used 1776K, committed 1920K, reserved 1048576K
}
Event: 3.243 GC heap before
{Heap before GC invocations=3 (full 0):
 garbage-first heap   total 129024K, used 16407K [0x0000000085600000, 0x0000000100000000)
  region size 1024K, 13 young (13312K), 3 survivors (3072K)
 Metaspace       used 21295K, committed 21504K, reserved 1073152K
  class space    used 2047K, committed 2176K, reserved 1048576K
}
Event: 3.247 GC heap after
{Heap after GC invocations=4 (full 0):
 garbage-first heap   total 129024K, used 7543K [0x0000000085600000, 0x0000000100000000)
  region size 1024K, 3 young (3072K), 3 survivors (3072K)
 Metaspace       used 21295K, committed 21504K, reserved 1073152K
  class space    used 2047K, committed 2176K, reserved 1048576K
}
Event: 3.789 GC heap before
{Heap before GC invocations=5 (full 0):
 garbage-first heap   total 34816K, used 23927K [0x0000000085600000, 0x0000000100000000)
  region size 1024K, 20 young (20480K), 3 survivors (3072K)
 Metaspace       used 22306K, committed 22656K, reserved 1073152K
  class space    used 2153K, committed 2304K, reserved 1048576K
}
Event: 3.794 GC heap after
{Heap after GC invocations=6 (full 0):
 garbage-first heap   total 34816K, used 9469K [0x0000000085600000, 0x0000000100000000)
  region size 1024K, 3 young (3072K), 3 survivors (3072K)
 Metaspace       used 22306K, committed 22656K, reserved 1073152K
  class space    used 2153K, committed 2304K, reserved 1048576K
}
Event: 3.854 GC heap before
{Heap before GC invocations=6 (full 0):
 garbage-first heap   total 34816K, used 10493K [0x0000000085600000, 0x0000000100000000)
  region size 1024K, 4 young (4096K), 3 survivors (3072K)
 Metaspace       used 22316K, committed 22656K, reserved 1073152K
  class space    used 2153K, committed 2304K, reserved 1048576K
}
Event: 3.860 GC heap after
{Heap after GC invocations=7 (full 0):
 garbage-first heap   total 34816K, used 9702K [0x0000000085600000, 0x0000000100000000)
  region size 1024K, 1 young (1024K), 1 survivors (1024K)
 Metaspace       used 22316K, committed 22656K, reserved 1073152K
  class space    used 2153K, committed 2304K, reserved 1048576K
}
Event: 5.626 GC heap before
{Heap before GC invocations=7 (full 0):
 garbage-first heap   total 34816K, used 25062K [0x0000000085600000, 0x0000000100000000)
  region size 1024K, 14 young (14336K), 1 survivors (1024K)
 Metaspace       used 22840K, committed 23232K, reserved 1073152K
  class space    used 2204K, committed 2368K, reserved 1048576K
}
Event: 5.635 GC heap after
{Heap after GC invocations=8 (full 0):
 garbage-first heap   total 34816K, used 15583K [0x0000000085600000, 0x0000000100000000)
  region size 1024K, 2 young (2048K), 2 survivors (2048K)
 Metaspace       used 22840K, committed 23232K, reserved 1073152K
  class space    used 2204K, committed 2368K, reserved 1048576K
}
Event: 5.640 GC heap before
{Heap before GC invocations=8 (full 0):
 garbage-first heap   total 34816K, used 15583K [0x0000000085600000, 0x0000000100000000)
  region size 1024K, 4 young (4096K), 2 survivors (2048K)
 Metaspace       used 22840K, committed 23232K, reserved 1073152K
  class space    used 2204K, committed 2368K, reserved 1048576K
}
Event: 5.645 GC heap after
{Heap after GC invocations=9 (full 0):
 garbage-first heap   total 34816K, used 16090K [0x0000000085600000, 0x0000000100000000)
  region size 1024K, 1 young (1024K), 1 survivors (1024K)
 Metaspace       used 22840K, committed 23232K, reserved 1073152K
  class space    used 2204K, committed 2368K, reserved 1048576K
}
Event: 5.669 GC heap before
{Heap before GC invocations=9 (full 0):
 garbage-first heap   total 34816K, used 27354K [0x0000000085600000, 0x0000000100000000)
  region size 1024K, 7 young (7168K), 1 survivors (1024K)
 Metaspace       used 22840K, committed 23232K, reserved 1073152K
  class space    used 2204K, committed 2368K, reserved 1048576K
}
Event: 5.671 GC heap after
{Heap after GC invocations=10 (full 0):
 garbage-first heap   total 34816K, used 21021K [0x0000000085600000, 0x0000000100000000)
  region size 1024K, 1 young (1024K), 1 survivors (1024K)
 Metaspace       used 22840K, committed 23232K, reserved 1073152K
  class space    used 2204K, committed 2368K, reserved 1048576K
}
Event: 5.685 GC heap before
{Heap before GC invocations=10 (full 0):
 garbage-first heap   total 34816K, used 29213K [0x0000000085600000, 0x0000000100000000)
  region size 1024K, 5 young (5120K), 1 survivors (1024K)
 Metaspace       used 22845K, committed 23232K, reserved 1073152K
  class space    used 2204K, committed 2368K, reserved 1048576K
}
Event: 5.687 GC heap after
{Heap after GC invocations=11 (full 0):
 garbage-first heap   total 78848K, used 24142K [0x0000000085600000, 0x0000000100000000)
  region size 1024K, 1 young (1024K), 1 survivors (1024K)
 Metaspace       used 22845K, committed 23232K, reserved 1073152K
  class space    used 2204K, committed 2368K, reserved 1048576K
}
Event: 21.065 GC heap before
{Heap before GC invocations=12 (full 0):
 garbage-first heap   total 78848K, used 55886K [0x0000000085600000, 0x0000000100000000)
  region size 1024K, 27 young (27648K), 1 survivors (1024K)
 Metaspace       used 24436K, committed 24832K, reserved 1073152K
  class space    used 2320K, committed 2496K, reserved 1048576K
}
Event: 21.067 GC heap after
{Heap after GC invocations=13 (full 0):
 garbage-first heap   total 78848K, used 31654K [0x0000000085600000, 0x0000000100000000)
  region size 1024K, 2 young (2048K), 2 survivors (2048K)
 Metaspace       used 24436K, committed 24832K, reserved 1073152K
  class space    used 2320K, committed 2496K, reserved 1048576K
}

