# JRE version: OpenJDK Runtime Environment (17.0.2+8) (build 17.0.2+8-Debian-1)
# Java VM: OpenJDK 64-Bit Server VM (17.0.2+8-Debian-1, mixed mode, sharing, tiered, compressed oops, compressed class ptrs, g1 gc, linux-amd64)
GC Precious Log:
 CPUs: 16 total, 16 available
 Memory: 64324M
 Large Page Support: Disabled
 NUMA Support: Disabled
 Compressed Oops: Enabled (Zero based)
 Heap Region Size: 8M
 Heap Min Capacity: 8M
 Heap Initial Capacity: 1008M
 Heap Max Capacity: 16088M
 Pre-touch: Disabled
 Parallel Workers: 13
 Concurrent Workers: 3
 Concurrent Refinement Workers: 13
 Periodic GC: Disabled
Heap:
 garbage-first heap   total 139264K, used 63883K [0x0000000412800000, 0x0000000800000000)
  region size 8192K, 6 young (49152K), 1 survivors (8192K)
 Metaspace       used 25329K, committed 25664K, reserved 1073152K
  class space    used 2340K, committed 2496K, reserved 1048576K
GC Heap History (10 events):
Event: 0.585 GC heap before
{Heap before GC invocations=0 (full 0):
 garbage-first heap   total 1048576K, used 57316K [0x0000000412800000, 0x0000000800000000)
  region size 8192K, 6 young (49152K), 0 survivors (0K)
 Metaspace       used 12820K, committed 13120K, reserved 1064960K
  class space    used 1464K, committed 1600K, reserved 1048576K
}
Event: 0.592 GC heap after
{Heap after GC invocations=1 (full 0):
 garbage-first heap   total 1048576K, used 13150K [0x0000000412800000, 0x0000000800000000)
  region size 8192K, 1 young (8192K), 1 survivors (8192K)
 Metaspace       used 12820K, committed 13120K, reserved 1064960K
  class space    used 1464K, committed 1600K, reserved 1048576K
}
Event: 1.027 GC heap before
{Heap before GC invocations=1 (full 0):
 garbage-first heap   total 1048576K, used 29534K [0x0000000412800000, 0x0000000800000000)
  region size 8192K, 4 young (32768K), 1 survivors (8192K)
 Metaspace       used 21312K, committed 21504K, reserved 1073152K
  class space    used 2015K, committed 2112K, reserved 1048576K
}
Event: 1.033 GC heap after
{Heap after GC invocations=2 (full 0):
 garbage-first heap   total 1048576K, used 14376K [0x0000000412800000, 0x0000000800000000)
  region size 8192K, 1 young (8192K), 1 survivors (8192K)
 Metaspace       used 21312K, committed 21504K, reserved 1073152K
  class space    used 2015K, committed 2112K, reserved 1048576K
}
Event: 1.749 GC heap before
{Heap before GC invocations=3 (full 0):
 garbage-first heap   total 139264K, used 79912K [0x0000000412800000, 0x0000000800000000)
  region size 8192K, 10 young (81920K), 1 survivors (8192K)
 Metaspace       used 23333K, committed 23616K, reserved 1073152K
  class space    used 2204K, committed 2304K, reserved 1048576K
}
Event: 1.752 GC heap after
{Heap after GC invocations=4 (full 0):
 garbage-first heap   total 139264K, used 24310K [0x0000000412800000, 0x0000000800000000)
  region size 8192K, 2 young (16384K), 2 survivors (16384K)
 Metaspace       used 23333K, committed 23616K, reserved 1073152K
  class space    used 2204K, committed 2304K, reserved 1048576K
}
Event: 1.760 GC heap before
{Heap before GC invocations=4 (full 0):
 garbage-first heap   total 139264K, used 24310K [0x0000000412800000, 0x0000000800000000)
  region size 8192K, 3 young (24576K), 2 survivors (16384K)
 Metaspace       used 23339K, committed 23616K, reserved 1073152K
  class space    used 2204K, committed 2304K, reserved 1048576K
}
Event: 1.764 GC heap after
{Heap after GC invocations=5 (full 0):
 garbage-first heap   total 139264K, used 27053K [0x0000000412800000, 0x0000000800000000)
  region size 8192K, 1 young (8192K), 1 survivors (8192K)
 Metaspace       used 23339K, committed 23616K, reserved 1073152K
  class space    used 2204K, committed 2304K, reserved 1048576K
}
Event: 3.913 GC heap before
{Heap before GC invocations=5 (full 0):
 garbage-first heap   total 139264K, used 76205K [0x0000000412800000, 0x0000000800000000)
  region size 8192K, 7 young (57344K), 1 survivors (8192K)
 Metaspace       used 24843K, committed 25088K, reserved 1073152K
  class space    used 2320K, committed 2432K, reserved 1048576K
}
Event: 3.915 GC heap after
{Heap after GC invocations=6 (full 0):
 garbage-first heap   total 139264K, used 31115K [0x0000000412800000, 0x0000000800000000)
  region size 8192K, 1 young (8192K), 1 survivors (8192K)
 Metaspace       used 24843K, committed 25088K, reserved 1073152K
  class space    used 2320K, committed 2432K, reserved 1048576K
}

