# JRE version: OpenJDK Runtime Environment (17.0.1+12) (build 17.0.1+12-Ubuntu-121.10)
# Java VM: OpenJDK 64-Bit Server VM (17.0.1+12-Ubuntu-121.10, mixed mode, sharing, tiered, compressed oops, compressed class ptrs, g1 gc, linux-amd64)
GC Precious Log:
 CPUs: 16 total, 16 available
 Memory: 15416M
 Large Page Support: Disabled
 NUMA Support: Disabled
 Compressed Oops: Enabled (Zero based)
 Heap Region Size: 2M
 Heap Min Capacity: 8M
 Heap Initial Capacity: 242M
 Heap Max Capacity: 3856M
 Pre-touch: Disabled
 Parallel Workers: 13
 Concurrent Workers: 3
 Concurrent Refinement Workers: 13
 Periodic GC: Disabled
Heap:
 garbage-first heap   total 151552K, used 69617K [0x000000070f000000, 0x0000000800000000)
  region size 2048K, 21 young (43008K), 1 survivors (2048K)
 Metaspace       used 24140K, committed 24448K, reserved 1073152K
  class space    used 2347K, committed 2496K, reserved 1048576K
GC Heap History (18 events):
Event: 0.314 GC heap before
{Heap before GC invocations=0 (full 0):
 garbage-first heap   total 251904K, used 24544K [0x000000070f000000, 0x0000000800000000)
  region size 2048K, 11 young (22528K), 0 survivors (0K)
 Metaspace       used 4045K, committed 4160K, reserved 1056768K
  class space    used 466K, committed 512K, reserved 1048576K
}
Event: 0.316 GC heap after
{Heap after GC invocations=1 (full 0):
 garbage-first heap   total 251904K, used 4479K [0x000000070f000000, 0x0000000800000000)
  region size 2048K, 2 young (4096K), 2 survivors (4096K)
 Metaspace       used 4045K, committed 4160K, reserved 1056768K
  class space    used 466K, committed 512K, reserved 1048576K
}
Event: 0.777 GC heap before
{Heap before GC invocations=1 (full 0):
 garbage-first heap   total 251904K, used 51583K [0x000000070f000000, 0x0000000800000000)
  region size 2048K, 25 young (51200K), 2 survivors (4096K)
 Metaspace       used 10840K, committed 11072K, reserved 1064960K
  class space    used 1294K, committed 1408K, reserved 1048576K
}
Event: 0.781 GC heap after
{Heap after GC invocations=2 (full 0):
 garbage-first heap   total 251904K, used 6854K [0x000000070f000000, 0x0000000800000000)
  region size 2048K, 3 young (6144K), 3 survivors (6144K)
 Metaspace       used 10840K, committed 11072K, reserved 1064960K
  class space    used 1294K, committed 1408K, reserved 1048576K
}
Event: 1.679 GC heap before
{Heap before GC invocations=2 (full 0):
 garbage-first heap   total 251904K, used 101062K [0x000000070f000000, 0x0000000800000000)
  region size 2048K, 50 young (102400K), 3 survivors (6144K)
 Metaspace       used 21312K, committed 21504K, reserved 1073152K
  class space    used 2063K, committed 2176K, reserved 1048576K
}
Event: 1.684 GC heap after
{Heap after GC invocations=3 (full 0):
 garbage-first heap   total 251904K, used 8914K [0x000000070f000000, 0x0000000800000000)
  region size 2048K, 4 young (8192K), 4 survivors (8192K)
 Metaspace       used 21312K, committed 21504K, reserved 1073152K
  class space    used 2063K, committed 2176K, reserved 1048576K
}
Event: 2.138 GC heap before
{Heap before GC invocations=4 (full 0):
 garbage-first heap   total 49152K, used 35538K [0x000000070f000000, 0x0000000800000000)
  region size 2048K, 18 young (36864K), 4 survivors (8192K)
 Metaspace       used 22913K, committed 23168K, reserved 1073152K
  class space    used 2270K, committed 2368K, reserved 1048576K
}
Event: 2.146 GC heap after
{Heap after GC invocations=5 (full 0):
 garbage-first heap   total 53248K, used 12491K [0x000000070f000000, 0x0000000800000000)
  region size 2048K, 6 young (12288K), 6 survivors (12288K)
 Metaspace       used 22913K, committed 23168K, reserved 1073152K
  class space    used 2270K, committed 2368K, reserved 1048576K
}
Event: 2.178 GC heap before
{Heap before GC invocations=5 (full 0):
 garbage-first heap   total 53248K, used 30923K [0x000000070f000000, 0x0000000800000000)
  region size 2048K, 15 young (30720K), 6 survivors (12288K)
 Metaspace       used 22923K, committed 23168K, reserved 1073152K
  class space    used 2270K, committed 2368K, reserved 1048576K
}
Event: 2.192 GC heap after
{Heap after GC invocations=6 (full 0):
 garbage-first heap   total 57344K, used 23827K [0x000000070f000000, 0x0000000800000000)
  region size 2048K, 2 young (4096K), 2 survivors (4096K)
 Metaspace       used 22923K, committed 23168K, reserved 1073152K
  class space    used 2270K, committed 2368K, reserved 1048576K
}
Event: 2.210 GC heap before
{Heap before GC invocations=6 (full 0):
 garbage-first heap   total 57344K, used 36115K [0x000000070f000000, 0x0000000800000000)
  region size 2048K, 8 young (16384K), 2 survivors (4096K)
 Metaspace       used 22929K, committed 23168K, reserved 1073152K
  class space    used 2270K, committed 2368K, reserved 1048576K
}
Event: 2.216 GC heap after
{Heap after GC invocations=7 (full 0):
 garbage-first heap   total 57344K, used 32736K [0x000000070f000000, 0x0000000800000000)
  region size 2048K, 1 young (2048K), 1 survivors (2048K)
 Metaspace       used 22929K, committed 23168K, reserved 1073152K
  class space    used 2270K, committed 2368K, reserved 1048576K
}
Event: 2.233 GC heap before
{Heap before GC invocations=7 (full 0):
 garbage-first heap   total 57344K, used 36832K [0x000000070f000000, 0x0000000800000000)
  region size 2048K, 4 young (8192K), 1 survivors (2048K)
 Metaspace       used 22940K, committed 23168K, reserved 1073152K
  class space    used 2270K, committed 2368K, reserved 1048576K
}
Event: 2.235 GC heap after
{Heap after GC invocations=8 (full 0):
 garbage-first heap   total 57344K, used 35177K [0x000000070f000000, 0x0000000800000000)
  region size 2048K, 1 young (2048K), 1 survivors (2048K)
 Metaspace       used 22940K, committed 23168K, reserved 1073152K
  class space    used 2270K, committed 2368K, reserved 1048576K
}
Event: 2.574 GC heap before
{Heap before GC invocations=9 (full 0):
 garbage-first heap   total 69632K, used 35177K [0x000000070f000000, 0x0000000800000000)
  region size 2048K, 3 young (6144K), 1 survivors (2048K)
 Metaspace       used 23266K, committed 23552K, reserved 1073152K
  class space    used 2302K, committed 2432K, reserved 1048576K
}
Event: 2.577 GC heap after
{Heap after GC invocations=10 (full 0):
 garbage-first heap   total 151552K, used 36786K [0x000000070f000000, 0x0000000800000000)
  region size 2048K, 1 young (2048K), 1 survivors (2048K)
 Metaspace       used 23266K, committed 23552K, reserved 1073152K
  class space    used 2302K, committed 2432K, reserved 1048576K
}
Event: 2.817 GC heap before
{Heap before GC invocations=10 (full 0):
 garbage-first heap   total 151552K, used 40882K [0x000000070f000000, 0x0000000800000000)
  region size 2048K, 3 young (6144K), 1 survivors (2048K)
 Metaspace       used 23745K, committed 24000K, reserved 1073152K
  class space    used 2335K, committed 2432K, reserved 1048576K
}
Event: 2.823 GC heap after
{Heap after GC invocations=11 (full 0):
 garbage-first heap   total 151552K, used 30705K [0x000000070f000000, 0x0000000800000000)
  region size 2048K, 1 young (2048K), 1 survivors (2048K)
 Metaspace       used 23745K, committed 24000K, reserved 1073152K
  class space    used 2335K, committed 2432K, reserved 1048576K
}

