# JRE version: OpenJDK Runtime Environment (17.0.2+8) (build 17.0.2+8-Debian-1)
# Java VM: OpenJDK 64-Bit Server VM (17.0.2+8-Debian-1, mixed mode, sharing, tiered, compressed oops, compressed class ptrs, g1 gc, linux-amd64)
GC Precious Log:
 CPUs: 4 total, 4 available
 Memory: 32069M
 Large Page Support: Disabled
 NUMA Support: Disabled
 Compressed Oops: Enabled (Zero based)
 Heap Region Size: 4M
 Heap Min Capacity: 8M
 Heap Initial Capacity: 504M
 Heap Max Capacity: 8020M
 Pre-touch: Disabled
 Parallel Workers: 4
 Concurrent Workers: 1
 Concurrent Refinement Workers: 4
 Periodic GC: Disabled
Heap:
 garbage-first heap   total 294912K, used 36737K [0x000000060ac00000, 0x0000000800000000)
  region size 4096K, 3 young (12288K), 1 survivors (4096K)
 Metaspace       used 22514K, committed 22848K, reserved 1073152K
  class space    used 2225K, committed 2368K, reserved 1048576K
GC Heap History (14 events):
Event: 0.474 GC heap before
{Heap before GC invocations=0 (full 0):
 garbage-first heap   total 524288K, used 28644K [0x000000060ac00000, 0x0000000800000000)
  region size 4096K, 6 young (24576K), 0 survivors (0K)
 Metaspace       used 10083K, committed 10304K, reserved 1064960K
  class space    used 1215K, committed 1344K, reserved 1048576K
}
Event: 0.477 GC heap after
{Heap after GC invocations=1 (full 0):
 garbage-first heap   total 524288K, used 8113K [0x000000060ac00000, 0x0000000800000000)
  region size 4096K, 1 young (4096K), 1 survivors (4096K)
 Metaspace       used 10083K, committed 10304K, reserved 1064960K
  class space    used 1215K, committed 1344K, reserved 1048576K
}
Event: 0.554 GC heap before
{Heap before GC invocations=1 (full 0):
 garbage-first heap   total 524288K, used 28593K [0x000000060ac00000, 0x0000000800000000)
  region size 4096K, 6 young (24576K), 1 survivors (4096K)
 Metaspace       used 10269K, committed 10496K, reserved 1064960K
  class space    used 1228K, committed 1344K, reserved 1048576K
}
Event: 0.557 GC heap after
{Heap after GC invocations=2 (full 0):
 garbage-first heap   total 524288K, used 8458K [0x000000060ac00000, 0x0000000800000000)
  region size 4096K, 1 young (4096K), 1 survivors (4096K)
 Metaspace       used 10269K, committed 10496K, reserved 1064960K
  class space    used 1228K, committed 1344K, reserved 1048576K
}
Event: 0.703 GC heap before
{Heap before GC invocations=2 (full 0):
 garbage-first heap   total 524288K, used 53514K [0x000000060ac00000, 0x0000000800000000)
  region size 4096K, 12 young (49152K), 1 survivors (4096K)
 Metaspace       used 10289K, committed 10496K, reserved 1064960K
  class space    used 1228K, committed 1344K, reserved 1048576K
}
Event: 0.708 GC heap after
{Heap after GC invocations=3 (full 0):
 garbage-first heap   total 524288K, used 8694K [0x000000060ac00000, 0x0000000800000000)
  region size 4096K, 1 young (4096K), 1 survivors (4096K)
 Metaspace       used 10289K, committed 10496K, reserved 1064960K
  class space    used 1228K, committed 1344K, reserved 1048576K
}
Event: 1.480 GC heap before
{Heap before GC invocations=3 (full 0):
 garbage-first heap   total 524288K, used 70134K [0x000000060ac00000, 0x0000000800000000)
  region size 4096K, 17 young (69632K), 1 survivors (4096K)
 Metaspace       used 21232K, committed 21504K, reserved 1073152K
  class space    used 2086K, committed 2240K, reserved 1048576K
}
Event: 1.482 GC heap after
{Heap after GC invocations=4 (full 0):
 garbage-first heap   total 524288K, used 10859K [0x000000060ac00000, 0x0000000800000000)
  region size 4096K, 1 young (4096K), 1 survivors (4096K)
 Metaspace       used 21232K, committed 21504K, reserved 1073152K
  class space    used 2086K, committed 2240K, reserved 1048576K
}
Event: 1.568 GC heap before
{Heap before GC invocations=5 (full 0):
 garbage-first heap   total 69632K, used 51819K [0x000000060ac00000, 0x0000000800000000)
  region size 4096K, 12 young (49152K), 1 survivors (4096K)
 Metaspace       used 21918K, committed 22208K, reserved 1073152K
  class space    used 2165K, committed 2304K, reserved 1048576K
}
Event: 1.573 GC heap after
{Heap after GC invocations=6 (full 0):
 garbage-first heap   total 69632K, used 12282K [0x000000060ac00000, 0x0000000800000000)
  region size 4096K, 2 young (8192K), 2 survivors (8192K)
 Metaspace       used 21918K, committed 22208K, reserved 1073152K
  class space    used 2165K, committed 2304K, reserved 1048576K
}
Event: 2.424 GC heap before
{Heap before GC invocations=6 (full 0):
 garbage-first heap   total 69632K, used 40954K [0x000000060ac00000, 0x0000000800000000)
  region size 4096K, 10 young (40960K), 2 survivors (8192K)
 Metaspace       used 22236K, committed 22592K, reserved 1073152K
  class space    used 2204K, committed 2368K, reserved 1048576K
}
Event: 2.445 GC heap after
{Heap after GC invocations=7 (full 0):
 garbage-first heap   total 73728K, used 24720K [0x000000060ac00000, 0x0000000800000000)
  region size 4096K, 2 young (8192K), 2 survivors (8192K)
 Metaspace       used 22236K, committed 22592K, reserved 1073152K
  class space    used 2204K, committed 2368K, reserved 1048576K
}
Event: 2.498 GC heap before
{Heap before GC invocations=7 (full 0):
 garbage-first heap   total 73728K, used 37008K [0x000000060ac00000, 0x0000000800000000)
  region size 4096K, 6 young (24576K), 2 survivors (8192K)
 Metaspace       used 22254K, committed 22592K, reserved 1073152K
  class space    used 2205K, committed 2368K, reserved 1048576K
}
Event: 2.515 GC heap after
{Heap after GC invocations=8 (full 0):
 garbage-first heap   total 294912K, used 32641K [0x000000060ac00000, 0x0000000800000000)
  region size 4096K, 1 young (4096K), 1 survivors (4096K)
 Metaspace       used 22254K, committed 22592K, reserved 1073152K
  class space    used 2205K, committed 2368K, reserved 1048576K
}

