# JRE version: OpenJDK Runtime Environment (17.0.2+8) (build 17.0.2+8-Debian-1)
# Java VM: OpenJDK 64-Bit Server VM (17.0.2+8-Debian-1, mixed mode, sharing, tiered, compressed oops, compressed class ptrs, g1 gc, linux-amd64)
GC Precious Log:
 CPUs: 16 total, 16 available
 Memory: 64324M
 Large Page Support: Disabled
 NUMA Support: Disabled
 Compressed Oops: Enabled (Zero based)
 Heap Region Size: 8M
 Heap Min Capacity: 8M
 Heap Initial Capacity: 1008M
 Heap Max Capacity: 16088M
 Pre-touch: Disabled
 Parallel Workers: 13
 Concurrent Workers: 3
 Concurrent Refinement Workers: 13
 Periodic GC: Disabled
Heap:
 garbage-first heap   total 139264K, used 36432K [0x0000000412800000, 0x0000000800000000)
  region size 8192K, 5 young (40960K), 2 survivors (16384K)
 Metaspace       used 25135K, committed 25408K, reserved 1073152K
  class space    used 2383K, committed 2496K, reserved 1048576K
GC Heap History (14 events):
Event: 0.558 GC heap before
{Heap before GC invocations=0 (full 0):
 garbage-first heap   total 1048576K, used 57316K [0x0000000412800000, 0x0000000800000000)
  region size 8192K, 6 young (49152K), 0 survivors (0K)
 Metaspace       used 10512K, committed 10688K, reserved 1064960K
  class space    used 1179K, committed 1280K, reserved 1048576K
}
Event: 0.560 GC heap after
{Heap after GC invocations=1 (full 0):
 garbage-first heap   total 1048576K, used 12906K [0x0000000412800000, 0x0000000800000000)
  region size 8192K, 1 young (8192K), 1 survivors (8192K)
 Metaspace       used 10512K, committed 10688K, reserved 1064960K
  class space    used 1179K, committed 1280K, reserved 1048576K
}
Event: 0.676 GC heap before
{Heap before GC invocations=1 (full 0):
 garbage-first heap   total 1048576K, used 53866K [0x0000000412800000, 0x0000000800000000)
  region size 8192K, 6 young (49152K), 1 survivors (8192K)
 Metaspace       used 11586K, committed 11776K, reserved 1064960K
  class space    used 1326K, committed 1408K, reserved 1048576K
}
Event: 0.678 GC heap after
{Heap after GC invocations=2 (full 0):
 garbage-first heap   total 1048576K, used 13683K [0x0000000412800000, 0x0000000800000000)
  region size 8192K, 1 young (8192K), 1 survivors (8192K)
 Metaspace       used 11586K, committed 11776K, reserved 1064960K
  class space    used 1326K, committed 1408K, reserved 1048576K
}
Event: 1.082 GC heap before
{Heap before GC invocations=2 (full 0):
 garbage-first heap   total 1048576K, used 111987K [0x0000000412800000, 0x0000000800000000)
  region size 8192K, 13 young (106496K), 1 survivors (8192K)
 Metaspace       used 13821K, committed 14080K, reserved 1064960K
  class space    used 1568K, committed 1728K, reserved 1048576K
}
Event: 1.083 GC heap after
{Heap after GC invocations=3 (full 0):
 garbage-first heap   total 1048576K, used 14689K [0x0000000412800000, 0x0000000800000000)
  region size 8192K, 1 young (8192K), 1 survivors (8192K)
 Metaspace       used 13821K, committed 14080K, reserved 1064960K
  class space    used 1568K, committed 1728K, reserved 1048576K
}
Event: 1.825 GC heap before
{Heap before GC invocations=3 (full 0):
 garbage-first heap   total 1048576K, used 96609K [0x0000000412800000, 0x0000000800000000)
  region size 8192K, 12 young (98304K), 1 survivors (8192K)
 Metaspace       used 21259K, committed 21504K, reserved 1073152K
  class space    used 2025K, committed 2176K, reserved 1048576K
}
Event: 1.827 GC heap after
{Heap after GC invocations=4 (full 0):
 garbage-first heap   total 1048576K, used 16381K [0x0000000412800000, 0x0000000800000000)
  region size 8192K, 1 young (8192K), 1 survivors (8192K)
 Metaspace       used 21259K, committed 21504K, reserved 1073152K
  class space    used 2025K, committed 2176K, reserved 1048576K
}
Event: 2.177 GC heap before
{Heap before GC invocations=5 (full 0):
 garbage-first heap   total 139264K, used 90109K [0x0000000412800000, 0x0000000800000000)
  region size 8192K, 10 young (81920K), 1 survivors (8192K)
 Metaspace       used 24308K, committed 24576K, reserved 1073152K
  class space    used 2322K, committed 2432K, reserved 1048576K
}
Event: 2.180 GC heap after
{Heap after GC invocations=6 (full 0):
 garbage-first heap   total 139264K, used 17149K [0x0000000412800000, 0x0000000800000000)
  region size 8192K, 1 young (8192K), 1 survivors (8192K)
 Metaspace       used 24308K, committed 24576K, reserved 1073152K
  class space    used 2322K, committed 2432K, reserved 1048576K
}
Event: 2.278 GC heap before
{Heap before GC invocations=6 (full 0):
 garbage-first heap   total 139264K, used 25341K [0x0000000412800000, 0x0000000800000000)
  region size 8192K, 2 young (16384K), 1 survivors (8192K)
 Metaspace       used 24373K, committed 24640K, reserved 1073152K
  class space    used 2323K, committed 2432K, reserved 1048576K
}
Event: 2.285 GC heap after
{Heap after GC invocations=7 (full 0):
 garbage-first heap   total 139264K, used 18292K [0x0000000412800000, 0x0000000800000000)
  region size 8192K, 1 young (8192K), 1 survivors (8192K)
 Metaspace       used 24373K, committed 24640K, reserved 1073152K
  class space    used 2323K, committed 2432K, reserved 1048576K
}
Event: 2.718 GC heap before
{Heap before GC invocations=7 (full 0):
 garbage-first heap   total 139264K, used 83828K [0x0000000412800000, 0x0000000800000000)
  region size 8192K, 10 young (81920K), 1 survivors (8192K)
 Metaspace       used 25093K, committed 25408K, reserved 1073152K
  class space    used 2381K, committed 2496K, reserved 1048576K
}
Event: 2.723 GC heap after
{Heap after GC invocations=8 (full 0):
 garbage-first heap   total 139264K, used 28240K [0x0000000412800000, 0x0000000800000000)
  region size 8192K, 2 young (16384K), 2 survivors (16384K)
 Metaspace       used 25093K, committed 25408K, reserved 1073152K
  class space    used 2381K, committed 2496K, reserved 1048576K
}

