# JRE version: OpenJDK Runtime Environment (17.0.2+8) (build 17.0.2+8-Debian-1)
# Java VM: OpenJDK 64-Bit Server VM (17.0.2+8-Debian-1, mixed mode, sharing, tiered, compressed oops, compressed class ptrs, g1 gc, linux-amd64)
GC Precious Log:
 CPUs: 16 total, 16 available
 Memory: 64324M
 Large Page Support: Disabled
 NUMA Support: Disabled
 Compressed Oops: Enabled (Zero based)
 Heap Region Size: 8M
 Heap Min Capacity: 8M
 Heap Initial Capacity: 1008M
 Heap Max Capacity: 16088M
 Pre-touch: Disabled
 Parallel Workers: 13
 Concurrent Workers: 3
 Concurrent Refinement Workers: 13
 Periodic GC: Disabled
Heap:
 garbage-first heap   total 139264K, used 73557K [0x0000000412800000, 0x0000000800000000)
  region size 8192K, 6 young (49152K), 1 survivors (8192K)
 Metaspace       used 24432K, committed 24768K, reserved 1073152K
  class space    used 2394K, committed 2560K, reserved 1048576K
GC Heap History (12 events):
Event: 0.502 GC heap before
{Heap before GC invocations=0 (full 0):
 garbage-first heap   total 1048576K, used 57316K [0x0000000412800000, 0x0000000800000000)
  region size 8192K, 6 young (49152K), 0 survivors (0K)
 Metaspace       used 10795K, committed 11008K, reserved 1064960K
  class space    used 1294K, committed 1408K, reserved 1048576K
}
Event: 0.506 GC heap after
{Heap after GC invocations=1 (full 0):
 garbage-first heap   total 1048576K, used 13008K [0x0000000412800000, 0x0000000800000000)
  region size 8192K, 1 young (8192K), 1 survivors (8192K)
 Metaspace       used 10795K, committed 11008K, reserved 1064960K
  class space    used 1294K, committed 1408K, reserved 1048576K
}
Event: 0.583 GC heap before
{Heap before GC invocations=1 (full 0):
 garbage-first heap   total 1048576K, used 53968K [0x0000000412800000, 0x0000000800000000)
  region size 8192K, 6 young (49152K), 1 survivors (8192K)
 Metaspace       used 10854K, committed 11072K, reserved 1064960K
  class space    used 1294K, committed 1408K, reserved 1048576K
}
Event: 0.587 GC heap after
{Heap after GC invocations=2 (full 0):
 garbage-first heap   total 1048576K, used 13307K [0x0000000412800000, 0x0000000800000000)
  region size 8192K, 1 young (8192K), 1 survivors (8192K)
 Metaspace       used 10854K, committed 11072K, reserved 1064960K
  class space    used 1294K, committed 1408K, reserved 1048576K
}
Event: 1.309 GC heap before
{Heap before GC invocations=2 (full 0):
 garbage-first heap   total 1048576K, used 78843K [0x0000000412800000, 0x0000000800000000)
  region size 8192K, 10 young (81920K), 1 survivors (8192K)
 Metaspace       used 21240K, committed 21504K, reserved 1073152K
  class space    used 2044K, committed 2176K, reserved 1048576K
}
Event: 1.311 GC heap after
{Heap after GC invocations=3 (full 0):
 garbage-first heap   total 1048576K, used 15406K [0x0000000412800000, 0x0000000800000000)
  region size 8192K, 1 young (8192K), 1 survivors (8192K)
 Metaspace       used 21240K, committed 21504K, reserved 1073152K
  class space    used 2044K, committed 2176K, reserved 1048576K
}
Event: 1.712 GC heap before
{Heap before GC invocations=4 (full 0):
 garbage-first heap   total 139264K, used 89134K [0x0000000412800000, 0x0000000800000000)
  region size 8192K, 10 young (81920K), 1 survivors (8192K)
 Metaspace       used 23067K, committed 23360K, reserved 1073152K
  class space    used 2294K, committed 2432K, reserved 1048576K
}
Event: 1.716 GC heap after
{Heap after GC invocations=5 (full 0):
 garbage-first heap   total 139264K, used 19746K [0x0000000412800000, 0x0000000800000000)
  region size 8192K, 1 young (8192K), 1 survivors (8192K)
 Metaspace       used 23067K, committed 23360K, reserved 1073152K
  class space    used 2294K, committed 2432K, reserved 1048576K
}
Event: 1.731 GC heap before
{Heap before GC invocations=5 (full 0):
 garbage-first heap   total 139264K, used 19746K [0x0000000412800000, 0x0000000800000000)
  region size 8192K, 2 young (16384K), 1 survivors (8192K)
 Metaspace       used 23083K, committed 23360K, reserved 1073152K
  class space    used 2294K, committed 2432K, reserved 1048576K
}
Event: 1.737 GC heap after
{Heap after GC invocations=6 (full 0):
 garbage-first heap   total 139264K, used 24148K [0x0000000412800000, 0x0000000800000000)
  region size 8192K, 1 young (8192K), 1 survivors (8192K)
 Metaspace       used 23083K, committed 23360K, reserved 1073152K
  class space    used 2294K, committed 2432K, reserved 1048576K
}
Event: 6.340 GC heap before
{Heap before GC invocations=6 (full 0):
 garbage-first heap   total 139264K, used 73300K [0x0000000412800000, 0x0000000800000000)
  region size 8192K, 8 young (65536K), 1 survivors (8192K)
 Metaspace       used 24368K, committed 24704K, reserved 1073152K
  class space    used 2391K, committed 2560K, reserved 1048576K
}
Event: 6.346 GC heap after
{Heap after GC invocations=7 (full 0):
 garbage-first heap   total 139264K, used 40789K [0x0000000412800000, 0x0000000800000000)
  region size 8192K, 1 young (8192K), 1 survivors (8192K)
 Metaspace       used 24368K, committed 24704K, reserved 1073152K
  class space    used 2391K, committed 2560K, reserved 1048576K
}

