# JRE version: OpenJDK Runtime Environment (17.0.2+8) (build 17.0.2+8-Debian-1)
# Java VM: OpenJDK 64-Bit Server VM (17.0.2+8-Debian-1, mixed mode, sharing, tiered, compressed oops, compressed class ptrs, g1 gc, linux-amd64)
GC Precious Log:
 CPUs: 16 total, 16 available
 Memory: 64324M
 Large Page Support: Disabled
 NUMA Support: Disabled
 Compressed Oops: Enabled (Zero based)
 Heap Region Size: 8M
 Heap Min Capacity: 8M
 Heap Initial Capacity: 1008M
 Heap Max Capacity: 16088M
 Pre-touch: Disabled
 Parallel Workers: 13
 Concurrent Workers: 3
 Concurrent Refinement Workers: 13
 Periodic GC: Disabled
Heap:
 garbage-first heap   total 139264K, used 68635K [0x0000000412800000, 0x0000000800000000)
  region size 8192K, 8 young (65536K), 2 survivors (16384K)
 Metaspace       used 25002K, committed 25280K, reserved 1073152K
  class space    used 2366K, committed 2496K, reserved 1048576K
GC Heap History (14 events):
Event: 0.519 GC heap before
{Heap before GC invocations=0 (full 0):
 garbage-first heap   total 1048576K, used 57316K [0x0000000412800000, 0x0000000800000000)
  region size 8192K, 6 young (49152K), 0 survivors (0K)
 Metaspace       used 10736K, committed 11008K, reserved 1064960K
  class space    used 1221K, committed 1344K, reserved 1048576K
}
Event: 0.522 GC heap after
{Heap after GC invocations=1 (full 0):
 garbage-first heap   total 1048576K, used 13135K [0x0000000412800000, 0x0000000800000000)
  region size 8192K, 1 young (8192K), 1 survivors (8192K)
 Metaspace       used 10736K, committed 11008K, reserved 1064960K
  class space    used 1221K, committed 1344K, reserved 1048576K
}
Event: 0.614 GC heap before
{Heap before GC invocations=1 (full 0):
 garbage-first heap   total 1048576K, used 54095K [0x0000000412800000, 0x0000000800000000)
  region size 8192K, 6 young (49152K), 1 survivors (8192K)
 Metaspace       used 11582K, committed 11776K, reserved 1064960K
  class space    used 1320K, committed 1408K, reserved 1048576K
}
Event: 0.618 GC heap after
{Heap after GC invocations=2 (full 0):
 garbage-first heap   total 1048576K, used 13615K [0x0000000412800000, 0x0000000800000000)
  region size 8192K, 1 young (8192K), 1 survivors (8192K)
 Metaspace       used 11582K, committed 11776K, reserved 1064960K
  class space    used 1320K, committed 1408K, reserved 1048576K
}
Event: 1.052 GC heap before
{Heap before GC invocations=2 (full 0):
 garbage-first heap   total 1048576K, used 111919K [0x0000000412800000, 0x0000000800000000)
  region size 8192K, 14 young (114688K), 1 survivors (8192K)
 Metaspace       used 13976K, committed 14272K, reserved 1064960K
  class space    used 1565K, committed 1728K, reserved 1048576K
}
Event: 1.054 GC heap after
{Heap after GC invocations=3 (full 0):
 garbage-first heap   total 1048576K, used 15648K [0x0000000412800000, 0x0000000800000000)
  region size 8192K, 1 young (8192K), 1 survivors (8192K)
 Metaspace       used 13976K, committed 14272K, reserved 1064960K
  class space    used 1565K, committed 1728K, reserved 1048576K
}
Event: 1.654 GC heap before
{Heap before GC invocations=3 (full 0):
 garbage-first heap   total 1048576K, used 89376K [0x0000000412800000, 0x0000000800000000)
  region size 8192K, 11 young (90112K), 1 survivors (8192K)
 Metaspace       used 21245K, committed 21504K, reserved 1073152K
  class space    used 2021K, committed 2176K, reserved 1048576K
}
Event: 1.655 GC heap after
{Heap after GC invocations=4 (full 0):
 garbage-first heap   total 1048576K, used 16995K [0x0000000412800000, 0x0000000800000000)
  region size 8192K, 1 young (8192K), 1 survivors (8192K)
 Metaspace       used 21245K, committed 21504K, reserved 1073152K
  class space    used 2021K, committed 2176K, reserved 1048576K
}
Event: 1.937 GC heap before
{Heap before GC invocations=5 (full 0):
 garbage-first heap   total 139264K, used 107107K [0x0000000412800000, 0x0000000800000000)
  region size 8192K, 13 young (106496K), 1 survivors (8192K)
 Metaspace       used 24294K, committed 24512K, reserved 1073152K
  class space    used 2318K, committed 2432K, reserved 1048576K
}
Event: 1.939 GC heap after
{Heap after GC invocations=6 (full 0):
 garbage-first heap   total 139264K, used 18043K [0x0000000412800000, 0x0000000800000000)
  region size 8192K, 1 young (8192K), 1 survivors (8192K)
 Metaspace       used 24294K, committed 24512K, reserved 1073152K
  class space    used 2318K, committed 2432K, reserved 1048576K
}
Event: 2.019 GC heap before
{Heap before GC invocations=6 (full 0):
 garbage-first heap   total 139264K, used 26235K [0x0000000412800000, 0x0000000800000000)
  region size 8192K, 2 young (16384K), 1 survivors (8192K)
 Metaspace       used 24433K, committed 24640K, reserved 1073152K
  class space    used 2323K, committed 2432K, reserved 1048576K
}
Event: 2.028 GC heap after
{Heap after GC invocations=7 (full 0):
 garbage-first heap   total 139264K, used 19435K [0x0000000412800000, 0x0000000800000000)
  region size 8192K, 1 young (8192K), 1 survivors (8192K)
 Metaspace       used 24433K, committed 24640K, reserved 1073152K
  class space    used 2323K, committed 2432K, reserved 1048576K
}
Event: 2.514 GC heap before
{Heap before GC invocations=7 (full 0):
 garbage-first heap   total 139264K, used 84971K [0x0000000412800000, 0x0000000800000000)
  region size 8192K, 10 young (81920K), 1 survivors (8192K)
 Metaspace       used 24955K, committed 25280K, reserved 1073152K
  class space    used 2364K, committed 2496K, reserved 1048576K
}
Event: 2.518 GC heap after
{Heap after GC invocations=8 (full 0):
 garbage-first heap   total 139264K, used 27675K [0x0000000412800000, 0x0000000800000000)
  region size 8192K, 2 young (16384K), 2 survivors (16384K)
 Metaspace       used 24955K, committed 25280K, reserved 1073152K
  class space    used 2364K, committed 2496K, reserved 1048576K
}

