# JRE version: OpenJDK Runtime Environment (17.0.2+8) (build 17.0.2+8-Debian-1)
# Java VM: OpenJDK 64-Bit Server VM (17.0.2+8-Debian-1, mixed mode, sharing, tiered, compressed oops, compressed class ptrs, g1 gc, linux-amd64)
GC Precious Log:
 CPUs: 16 total, 16 available
 Memory: 64324M
 Large Page Support: Disabled
 NUMA Support: Disabled
 Compressed Oops: Enabled (Zero based)
 Heap Region Size: 8M
 Heap Min Capacity: 8M
 Heap Initial Capacity: 1008M
 Heap Max Capacity: 16088M
 Pre-touch: Disabled
 Parallel Workers: 13
 Concurrent Workers: 3
 Concurrent Refinement Workers: 13
 Periodic GC: Disabled
Heap:
 garbage-first heap   total 139264K, used 69556K [0x0000000412800000, 0x0000000800000000)
  region size 8192K, 8 young (65536K), 2 survivors (16384K)
 Metaspace       used 25319K, committed 25664K, reserved 1073152K
  class space    used 2393K, committed 2560K, reserved 1048576K
GC Heap History (14 events):
Event: 0.560 GC heap before
{Heap before GC invocations=0 (full 0):
 garbage-first heap   total 1048576K, used 57316K [0x0000000412800000, 0x0000000800000000)
  region size 8192K, 6 young (49152K), 0 survivors (0K)
 Metaspace       used 10727K, committed 11008K, reserved 1064960K
  class space    used 1217K, committed 1344K, reserved 1048576K
}
Event: 0.563 GC heap after
{Heap after GC invocations=1 (full 0):
 garbage-first heap   total 1048576K, used 13037K [0x0000000412800000, 0x0000000800000000)
  region size 8192K, 1 young (8192K), 1 survivors (8192K)
 Metaspace       used 10727K, committed 11008K, reserved 1064960K
  class space    used 1217K, committed 1344K, reserved 1048576K
}
Event: 0.659 GC heap before
{Heap before GC invocations=1 (full 0):
 garbage-first heap   total 1048576K, used 53997K [0x0000000412800000, 0x0000000800000000)
  region size 8192K, 6 young (49152K), 1 survivors (8192K)
 Metaspace       used 11594K, committed 11776K, reserved 1064960K
  class space    used 1325K, committed 1408K, reserved 1048576K
}
Event: 0.661 GC heap after
{Heap after GC invocations=2 (full 0):
 garbage-first heap   total 1048576K, used 13686K [0x0000000412800000, 0x0000000800000000)
  region size 8192K, 1 young (8192K), 1 survivors (8192K)
 Metaspace       used 11594K, committed 11776K, reserved 1064960K
  class space    used 1325K, committed 1408K, reserved 1048576K
}
Event: 1.021 GC heap before
{Heap before GC invocations=2 (full 0):
 garbage-first heap   total 1048576K, used 111990K [0x0000000412800000, 0x0000000800000000)
  region size 8192K, 13 young (106496K), 1 survivors (8192K)
 Metaspace       used 13861K, committed 14080K, reserved 1064960K
  class space    used 1569K, committed 1728K, reserved 1048576K
}
Event: 1.023 GC heap after
{Heap after GC invocations=3 (full 0):
 garbage-first heap   total 1048576K, used 14826K [0x0000000412800000, 0x0000000800000000)
  region size 8192K, 1 young (8192K), 1 survivors (8192K)
 Metaspace       used 13861K, committed 14080K, reserved 1064960K
  class space    used 1569K, committed 1728K, reserved 1048576K
}
Event: 1.668 GC heap before
{Heap before GC invocations=3 (full 0):
 garbage-first heap   total 1048576K, used 96746K [0x0000000412800000, 0x0000000800000000)
  region size 8192K, 12 young (98304K), 1 survivors (8192K)
 Metaspace       used 21290K, committed 21504K, reserved 1073152K
  class space    used 2008K, committed 2112K, reserved 1048576K
}
Event: 1.670 GC heap after
{Heap after GC invocations=4 (full 0):
 garbage-first heap   total 1048576K, used 16360K [0x0000000412800000, 0x0000000800000000)
  region size 8192K, 1 young (8192K), 1 survivors (8192K)
 Metaspace       used 21290K, committed 21504K, reserved 1073152K
  class space    used 2008K, committed 2112K, reserved 1048576K
}
Event: 1.960 GC heap before
{Heap before GC invocations=5 (full 0):
 garbage-first heap   total 139264K, used 106472K [0x0000000412800000, 0x0000000800000000)
  region size 8192K, 13 young (106496K), 1 survivors (8192K)
 Metaspace       used 24580K, committed 24896K, reserved 1073152K
  class space    used 2344K, committed 2496K, reserved 1048576K
}
Event: 1.962 GC heap after
{Heap after GC invocations=6 (full 0):
 garbage-first heap   total 139264K, used 17640K [0x0000000412800000, 0x0000000800000000)
  region size 8192K, 1 young (8192K), 1 survivors (8192K)
 Metaspace       used 24580K, committed 24896K, reserved 1073152K
  class space    used 2344K, committed 2496K, reserved 1048576K
}
Event: 2.005 GC heap before
{Heap before GC invocations=6 (full 0):
 garbage-first heap   total 139264K, used 25832K [0x0000000412800000, 0x0000000800000000)
  region size 8192K, 2 young (16384K), 1 survivors (8192K)
 Metaspace       used 24744K, committed 25088K, reserved 1073152K
  class space    used 2350K, committed 2496K, reserved 1048576K
}
Event: 2.010 GC heap after
{Heap after GC invocations=7 (full 0):
 garbage-first heap   total 139264K, used 19399K [0x0000000412800000, 0x0000000800000000)
  region size 8192K, 1 young (8192K), 1 survivors (8192K)
 Metaspace       used 24744K, committed 25088K, reserved 1073152K
  class space    used 2350K, committed 2496K, reserved 1048576K
}
Event: 2.578 GC heap before
{Heap before GC invocations=7 (full 0):
 garbage-first heap   total 139264K, used 84935K [0x0000000412800000, 0x0000000800000000)
  region size 8192K, 10 young (81920K), 1 survivors (8192K)
 Metaspace       used 25286K, committed 25600K, reserved 1073152K
  class space    used 2393K, committed 2560K, reserved 1048576K
}
Event: 2.581 GC heap after
{Heap after GC invocations=8 (full 0):
 garbage-first heap   total 139264K, used 28596K [0x0000000412800000, 0x0000000800000000)
  region size 8192K, 2 young (16384K), 2 survivors (16384K)
 Metaspace       used 25286K, committed 25600K, reserved 1073152K
  class space    used 2393K, committed 2560K, reserved 1048576K
}

