# JRE version: OpenJDK Runtime Environment (17.0.2+8) (build 17.0.2+8-Debian-1)
# Java VM: OpenJDK 64-Bit Server VM (17.0.2+8-Debian-1, mixed mode, sharing, tiered, compressed oops, compressed class ptrs, g1 gc, linux-amd64)
GC Precious Log:
 CPUs: 16 total, 16 available
 Memory: 64324M
 Large Page Support: Disabled
 NUMA Support: Disabled
 Compressed Oops: Enabled (Zero based)
 Heap Region Size: 8M
 Heap Min Capacity: 8M
 Heap Initial Capacity: 1008M
 Heap Max Capacity: 16088M
 Pre-touch: Disabled
 Parallel Workers: 13
 Concurrent Workers: 3
 Concurrent Refinement Workers: 13
 Periodic GC: Disabled
Heap:
 garbage-first heap   total 139264K, used 76968K [0x0000000412800000, 0x0000000800000000)
  region size 8192K, 7 young (57344K), 1 survivors (8192K)
 Metaspace       used 25978K, committed 26368K, reserved 1073152K
  class space    used 2380K, committed 2560K, reserved 1048576K
GC Heap History (16 events):
Event: 0.594 GC heap before
{Heap before GC invocations=0 (full 0):
 garbage-first heap   total 1048576K, used 57316K [0x0000000412800000, 0x0000000800000000)
  region size 8192K, 6 young (49152K), 0 survivors (0K)
 Metaspace       used 12314K, committed 12544K, reserved 1064960K
  class space    used 1424K, committed 1536K, reserved 1048576K
}
Event: 0.599 GC heap after
{Heap after GC invocations=1 (full 0):
 garbage-first heap   total 1048576K, used 12981K [0x0000000412800000, 0x0000000800000000)
  region size 8192K, 1 young (8192K), 1 survivors (8192K)
 Metaspace       used 12314K, committed 12544K, reserved 1064960K
  class space    used 1424K, committed 1536K, reserved 1048576K
}
Event: 1.239 GC heap before
{Heap before GC invocations=1 (full 0):
 garbage-first heap   total 1048576K, used 37557K [0x0000000412800000, 0x0000000800000000)
  region size 8192K, 5 young (40960K), 1 survivors (8192K)
 Metaspace       used 21279K, committed 21504K, reserved 1073152K
  class space    used 1991K, committed 2112K, reserved 1048576K
}
Event: 1.245 GC heap after
{Heap after GC invocations=2 (full 0):
 garbage-first heap   total 1048576K, used 14547K [0x0000000412800000, 0x0000000800000000)
  region size 8192K, 1 young (8192K), 1 survivors (8192K)
 Metaspace       used 21279K, committed 21504K, reserved 1073152K
  class space    used 1991K, committed 2112K, reserved 1048576K
}
Event: 2.124 GC heap before
{Heap before GC invocations=3 (full 0):
 garbage-first heap   total 139264K, used 80083K [0x0000000412800000, 0x0000000800000000)
  region size 8192K, 10 young (81920K), 1 survivors (8192K)
 Metaspace       used 23651K, committed 23936K, reserved 1073152K
  class space    used 2232K, committed 2368K, reserved 1048576K
}
Event: 2.128 GC heap after
{Heap after GC invocations=4 (full 0):
 garbage-first heap   total 139264K, used 24529K [0x0000000412800000, 0x0000000800000000)
  region size 8192K, 2 young (16384K), 2 survivors (16384K)
 Metaspace       used 23651K, committed 23936K, reserved 1073152K
  class space    used 2232K, committed 2368K, reserved 1048576K
}
Event: 2.144 GC heap before
{Heap before GC invocations=4 (full 0):
 garbage-first heap   total 139264K, used 32721K [0x0000000412800000, 0x0000000800000000)
  region size 8192K, 3 young (24576K), 2 survivors (16384K)
 Metaspace       used 23656K, committed 23936K, reserved 1073152K
  class space    used 2232K, committed 2368K, reserved 1048576K
}
Event: 2.150 GC heap after
{Heap after GC invocations=5 (full 0):
 garbage-first heap   total 139264K, used 26338K [0x0000000412800000, 0x0000000800000000)
  region size 8192K, 1 young (8192K), 1 survivors (8192K)
 Metaspace       used 23656K, committed 23936K, reserved 1073152K
  class space    used 2232K, committed 2368K, reserved 1048576K
}
Event: 5.435 GC heap before
{Heap before GC invocations=5 (full 0):
 garbage-first heap   total 139264K, used 67298K [0x0000000412800000, 0x0000000800000000)
  region size 8192K, 7 young (57344K), 1 survivors (8192K)
 Metaspace       used 25784K, committed 26112K, reserved 1073152K
  class space    used 2371K, committed 2496K, reserved 1048576K
}
Event: 5.437 GC heap after
{Heap after GC invocations=6 (full 0):
 garbage-first heap   total 139264K, used 36402K [0x0000000412800000, 0x0000000800000000)
  region size 8192K, 1 young (8192K), 1 survivors (8192K)
 Metaspace       used 25784K, committed 26112K, reserved 1073152K
  class space    used 2371K, committed 2496K, reserved 1048576K
}
Event: 8.910 GC heap before
{Heap before GC invocations=6 (full 0):
 garbage-first heap   total 139264K, used 77362K [0x0000000412800000, 0x0000000800000000)
  region size 8192K, 6 young (49152K), 1 survivors (8192K)
 Metaspace       used 25911K, committed 26304K, reserved 1073152K
  class space    used 2379K, committed 2560K, reserved 1048576K
}
Event: 8.912 GC heap after
{Heap after GC invocations=7 (full 0):
 garbage-first heap   total 139264K, used 36032K [0x0000000412800000, 0x0000000800000000)
  region size 8192K, 1 young (8192K), 1 survivors (8192K)
 Metaspace       used 25911K, committed 26304K, reserved 1073152K
  class space    used 2379K, committed 2560K, reserved 1048576K
}
Event: 12.167 GC heap before
{Heap before GC invocations=7 (full 0):
 garbage-first heap   total 139264K, used 76992K [0x0000000412800000, 0x0000000800000000)
  region size 8192K, 6 young (49152K), 1 survivors (8192K)
 Metaspace       used 25961K, committed 26304K, reserved 1073152K
  class space    used 2379K, committed 2560K, reserved 1048576K
}
Event: 12.168 GC heap after
{Heap after GC invocations=8 (full 0):
 garbage-first heap   total 139264K, used 35994K [0x0000000412800000, 0x0000000800000000)
  region size 8192K, 1 young (8192K), 1 survivors (8192K)
 Metaspace       used 25961K, committed 26304K, reserved 1073152K
  class space    used 2379K, committed 2560K, reserved 1048576K
}
Event: 15.729 GC heap before
{Heap before GC invocations=8 (full 0):
 garbage-first heap   total 139264K, used 76954K [0x0000000412800000, 0x0000000800000000)
  region size 8192K, 6 young (49152K), 1 survivors (8192K)
 Metaspace       used 25964K, committed 26304K, reserved 1073152K
  class space    used 2379K, committed 2560K, reserved 1048576K
}
Event: 15.730 GC heap after
{Heap after GC invocations=9 (full 0):
 garbage-first heap   total 139264K, used 36008K [0x0000000412800000, 0x0000000800000000)
  region size 8192K, 1 young (8192K), 1 survivors (8192K)
 Metaspace       used 25964K, committed 26304K, reserved 1073152K
  class space    used 2379K, committed 2560K, reserved 1048576K
}

