# JRE version: OpenJDK Runtime Environment (17.0.2+8) (build 17.0.2+8-Debian-1)
# Java VM: OpenJDK 64-Bit Server VM (17.0.2+8-Debian-1, mixed mode, sharing, tiered, compressed oops, compressed class ptrs, g1 gc, linux-amd64)
GC Precious Log:
 CPUs: 4 total, 4 available
 Memory: 32069M
 Large Page Support: Disabled
 NUMA Support: Disabled
 Compressed Oops: Enabled (Zero based)
 Heap Region Size: 4M
 Heap Min Capacity: 8M
 Heap Initial Capacity: 504M
 Heap Max Capacity: 8020M
 Pre-touch: Disabled
 Parallel Workers: 4
 Concurrent Workers: 1
 Concurrent Refinement Workers: 4
 Periodic GC: Disabled
Heap:
 garbage-first heap   total 73728K, used 32642K [0x000000060ac00000, 0x0000000800000000)
  region size 4096K, 3 young (12288K), 1 survivors (4096K)
 Metaspace       used 22501K, committed 22848K, reserved 1073152K
  class space    used 2225K, committed 2368K, reserved 1048576K
GC Heap History (14 events):
Event: 0.479 GC heap before
{Heap before GC invocations=0 (full 0):
 garbage-first heap   total 524288K, used 28644K [0x000000060ac00000, 0x0000000800000000)
  region size 4096K, 6 young (24576K), 0 survivors (0K)
 Metaspace       used 10085K, committed 10304K, reserved 1064960K
  class space    used 1215K, committed 1344K, reserved 1048576K
}
Event: 0.482 GC heap after
{Heap after GC invocations=1 (full 0):
 garbage-first heap   total 524288K, used 8087K [0x000000060ac00000, 0x0000000800000000)
  region size 4096K, 1 young (4096K), 1 survivors (4096K)
 Metaspace       used 10085K, committed 10304K, reserved 1064960K
  class space    used 1215K, committed 1344K, reserved 1048576K
}
Event: 0.560 GC heap before
{Heap before GC invocations=1 (full 0):
 garbage-first heap   total 524288K, used 28567K [0x000000060ac00000, 0x0000000800000000)
  region size 4096K, 6 young (24576K), 1 survivors (4096K)
 Metaspace       used 10270K, committed 10496K, reserved 1064960K
  class space    used 1228K, committed 1344K, reserved 1048576K
}
Event: 0.563 GC heap after
{Heap after GC invocations=2 (full 0):
 garbage-first heap   total 524288K, used 8467K [0x000000060ac00000, 0x0000000800000000)
  region size 4096K, 1 young (4096K), 1 survivors (4096K)
 Metaspace       used 10270K, committed 10496K, reserved 1064960K
  class space    used 1228K, committed 1344K, reserved 1048576K
}
Event: 0.706 GC heap before
{Heap before GC invocations=2 (full 0):
 garbage-first heap   total 524288K, used 53523K [0x000000060ac00000, 0x0000000800000000)
  region size 4096K, 12 young (49152K), 1 survivors (4096K)
 Metaspace       used 10290K, committed 10496K, reserved 1064960K
  class space    used 1228K, committed 1344K, reserved 1048576K
}
Event: 0.707 GC heap after
{Heap after GC invocations=3 (full 0):
 garbage-first heap   total 524288K, used 8707K [0x000000060ac00000, 0x0000000800000000)
  region size 4096K, 1 young (4096K), 1 survivors (4096K)
 Metaspace       used 10290K, committed 10496K, reserved 1064960K
  class space    used 1228K, committed 1344K, reserved 1048576K
}
Event: 1.543 GC heap before
{Heap before GC invocations=3 (full 0):
 garbage-first heap   total 524288K, used 66051K [0x000000060ac00000, 0x0000000800000000)
  region size 4096K, 16 young (65536K), 1 survivors (4096K)
 Metaspace       used 21237K, committed 21504K, reserved 1073152K
  class space    used 2087K, committed 2240K, reserved 1048576K
}
Event: 1.546 GC heap after
{Heap after GC invocations=4 (full 0):
 garbage-first heap   total 524288K, used 10874K [0x000000060ac00000, 0x0000000800000000)
  region size 4096K, 1 young (4096K), 1 survivors (4096K)
 Metaspace       used 21237K, committed 21504K, reserved 1073152K
  class space    used 2087K, committed 2240K, reserved 1048576K
}
Event: 1.625 GC heap before
{Heap before GC invocations=5 (full 0):
 garbage-first heap   total 69632K, used 51834K [0x000000060ac00000, 0x0000000800000000)
  region size 4096K, 12 young (49152K), 1 survivors (4096K)
 Metaspace       used 21904K, committed 22208K, reserved 1073152K
  class space    used 2165K, committed 2304K, reserved 1048576K
}
Event: 1.636 GC heap after
{Heap after GC invocations=6 (full 0):
 garbage-first heap   total 69632K, used 12000K [0x000000060ac00000, 0x0000000800000000)
  region size 4096K, 1 young (4096K), 1 survivors (4096K)
 Metaspace       used 21904K, committed 22208K, reserved 1073152K
  class space    used 2165K, committed 2304K, reserved 1048576K
}
Event: 2.460 GC heap before
{Heap before GC invocations=6 (full 0):
 garbage-first heap   total 69632K, used 44768K [0x000000060ac00000, 0x0000000800000000)
  region size 4096K, 10 young (40960K), 1 survivors (4096K)
 Metaspace       used 22214K, committed 22528K, reserved 1073152K
  class space    used 2204K, committed 2368K, reserved 1048576K
}
Event: 2.482 GC heap after
{Heap after GC invocations=7 (full 0):
 garbage-first heap   total 73728K, used 26238K [0x000000060ac00000, 0x0000000800000000)
  region size 4096K, 2 young (8192K), 2 survivors (8192K)
 Metaspace       used 22214K, committed 22528K, reserved 1073152K
  class space    used 2204K, committed 2368K, reserved 1048576K
}
Event: 2.532 GC heap before
{Heap before GC invocations=7 (full 0):
 garbage-first heap   total 73728K, used 38526K [0x000000060ac00000, 0x0000000800000000)
  region size 4096K, 6 young (24576K), 2 survivors (8192K)
 Metaspace       used 22232K, committed 22528K, reserved 1073152K
  class space    used 2204K, committed 2368K, reserved 1048576K
}
Event: 2.552 GC heap after
{Heap after GC invocations=8 (full 0):
 garbage-first heap   total 73728K, used 32642K [0x000000060ac00000, 0x0000000800000000)
  region size 4096K, 1 young (4096K), 1 survivors (4096K)
 Metaspace       used 22232K, committed 22528K, reserved 1073152K
  class space    used 2204K, committed 2368K, reserved 1048576K
}

