# JRE version: OpenJDK Runtime Environment (17.0.2+8) (build 17.0.2+8-Debian-1)
# Java VM: OpenJDK 64-Bit Server VM (17.0.2+8-Debian-1, mixed mode, sharing, tiered, compressed oops, compressed class ptrs, g1 gc, linux-amd64)
GC Precious Log:
 CPUs: 4 total, 4 available
 Memory: 32069M
 Large Page Support: Disabled
 NUMA Support: Disabled
 Compressed Oops: Enabled (Zero based)
 Heap Region Size: 4M
 Heap Min Capacity: 8M
 Heap Initial Capacity: 504M
 Heap Max Capacity: 8020M
 Pre-touch: Disabled
 Parallel Workers: 4
 Concurrent Workers: 1
 Concurrent Refinement Workers: 4
 Periodic GC: Disabled
Heap:
 garbage-first heap   total 73728K, used 34186K [0x000000060ac00000, 0x0000000800000000)
  region size 4096K, 2 young (8192K), 1 survivors (4096K)
 Metaspace       used 22523K, committed 22848K, reserved 1073152K
  class space    used 2225K, committed 2368K, reserved 1048576K
GC Heap History (14 events):
Event: 0.474 GC heap before
{Heap before GC invocations=0 (full 0):
 garbage-first heap   total 524288K, used 28644K [0x000000060ac00000, 0x0000000800000000)
  region size 4096K, 6 young (24576K), 0 survivors (0K)
 Metaspace       used 9701K, committed 9920K, reserved 1064960K
  class space    used 1165K, committed 1280K, reserved 1048576K
}
Event: 0.477 GC heap after
{Heap after GC invocations=1 (full 0):
 garbage-first heap   total 524288K, used 8028K [0x000000060ac00000, 0x0000000800000000)
  region size 4096K, 1 young (4096K), 1 survivors (4096K)
 Metaspace       used 9701K, committed 9920K, reserved 1064960K
  class space    used 1165K, committed 1280K, reserved 1048576K
}
Event: 0.563 GC heap before
{Heap before GC invocations=1 (full 0):
 garbage-first heap   total 524288K, used 28508K [0x000000060ac00000, 0x0000000800000000)
  region size 4096K, 6 young (24576K), 1 survivors (4096K)
 Metaspace       used 10271K, committed 10496K, reserved 1064960K
  class space    used 1228K, committed 1344K, reserved 1048576K
}
Event: 0.566 GC heap after
{Heap after GC invocations=2 (full 0):
 garbage-first heap   total 524288K, used 8515K [0x000000060ac00000, 0x0000000800000000)
  region size 4096K, 1 young (4096K), 1 survivors (4096K)
 Metaspace       used 10271K, committed 10496K, reserved 1064960K
  class space    used 1228K, committed 1344K, reserved 1048576K
}
Event: 0.693 GC heap before
{Heap before GC invocations=2 (full 0):
 garbage-first heap   total 524288K, used 49475K [0x000000060ac00000, 0x0000000800000000)
  region size 4096K, 11 young (45056K), 1 survivors (4096K)
 Metaspace       used 10290K, committed 10496K, reserved 1064960K
  class space    used 1228K, committed 1344K, reserved 1048576K
}
Event: 0.695 GC heap after
{Heap after GC invocations=3 (full 0):
 garbage-first heap   total 524288K, used 8675K [0x000000060ac00000, 0x0000000800000000)
  region size 4096K, 1 young (4096K), 1 survivors (4096K)
 Metaspace       used 10290K, committed 10496K, reserved 1064960K
  class space    used 1228K, committed 1344K, reserved 1048576K
}
Event: 1.487 GC heap before
{Heap before GC invocations=3 (full 0):
 garbage-first heap   total 524288K, used 74211K [0x000000060ac00000, 0x0000000800000000)
  region size 4096K, 18 young (73728K), 1 survivors (4096K)
 Metaspace       used 21244K, committed 21504K, reserved 1073152K
  class space    used 2087K, committed 2240K, reserved 1048576K
}
Event: 1.490 GC heap after
{Heap after GC invocations=4 (full 0):
 garbage-first heap   total 524288K, used 10880K [0x000000060ac00000, 0x0000000800000000)
  region size 4096K, 1 young (4096K), 1 survivors (4096K)
 Metaspace       used 21244K, committed 21504K, reserved 1073152K
  class space    used 2087K, committed 2240K, reserved 1048576K
}
Event: 1.577 GC heap before
{Heap before GC invocations=5 (full 0):
 garbage-first heap   total 69632K, used 51840K [0x000000060ac00000, 0x0000000800000000)
  region size 4096K, 12 young (49152K), 1 survivors (4096K)
 Metaspace       used 21982K, committed 22336K, reserved 1073152K
  class space    used 2170K, committed 2304K, reserved 1048576K
}
Event: 1.583 GC heap after
{Heap after GC invocations=6 (full 0):
 garbage-first heap   total 69632K, used 12094K [0x000000060ac00000, 0x0000000800000000)
  region size 4096K, 1 young (4096K), 1 survivors (4096K)
 Metaspace       used 21982K, committed 22336K, reserved 1073152K
  class space    used 2170K, committed 2304K, reserved 1048576K
}
Event: 2.456 GC heap before
{Heap before GC invocations=6 (full 0):
 garbage-first heap   total 69632K, used 44862K [0x000000060ac00000, 0x0000000800000000)
  region size 4096K, 10 young (40960K), 1 survivors (4096K)
 Metaspace       used 22242K, committed 22528K, reserved 1073152K
  class space    used 2204K, committed 2368K, reserved 1048576K
}
Event: 2.473 GC heap after
{Heap after GC invocations=7 (full 0):
 garbage-first heap   total 73728K, used 26674K [0x000000060ac00000, 0x0000000800000000)
  region size 4096K, 2 young (8192K), 2 survivors (8192K)
 Metaspace       used 22242K, committed 22528K, reserved 1073152K
  class space    used 2204K, committed 2368K, reserved 1048576K
}
Event: 2.520 GC heap before
{Heap before GC invocations=7 (full 0):
 garbage-first heap   total 73728K, used 38962K [0x000000060ac00000, 0x0000000800000000)
  region size 4096K, 6 young (24576K), 2 survivors (8192K)
 Metaspace       used 22268K, committed 22592K, reserved 1073152K
  class space    used 2205K, committed 2368K, reserved 1048576K
}
Event: 2.529 GC heap after
{Heap after GC invocations=8 (full 0):
 garbage-first heap   total 73728K, used 34186K [0x000000060ac00000, 0x0000000800000000)
  region size 4096K, 1 young (4096K), 1 survivors (4096K)
 Metaspace       used 22268K, committed 22592K, reserved 1073152K
  class space    used 2205K, committed 2368K, reserved 1048576K
}

