# JRE version: OpenJDK Runtime Environment (17.0.2+8) (build 17.0.2+8-Debian-1)
# Java VM: OpenJDK 64-Bit Server VM (17.0.2+8-Debian-1, mixed mode, sharing, tiered, compressed oops, compressed class ptrs, g1 gc, linux-amd64)
GC Precious Log:
 CPUs: 16 total, 16 available
 Memory: 64324M
 Large Page Support: Disabled
 NUMA Support: Disabled
 Compressed Oops: Enabled (Zero based)
 Heap Region Size: 8M
 Heap Min Capacity: 8M
 Heap Initial Capacity: 1008M
 Heap Max Capacity: 16088M
 Pre-touch: Disabled
 Parallel Workers: 13
 Concurrent Workers: 3
 Concurrent Refinement Workers: 13
 Periodic GC: Disabled
Heap:
 garbage-first heap   total 139264K, used 33855K [0x0000000412800000, 0x0000000800000000)
  region size 8192K, 5 young (40960K), 1 survivors (8192K)
 Metaspace       used 23054K, committed 23296K, reserved 1073152K
  class space    used 2244K, committed 2368K, reserved 1048576K
GC Heap History (10 events):
Event: 0.499 GC heap before
{Heap before GC invocations=0 (full 0):
 garbage-first heap   total 1048576K, used 57316K [0x0000000412800000, 0x0000000800000000)
  region size 8192K, 6 young (49152K), 0 survivors (0K)
 Metaspace       used 10395K, committed 10624K, reserved 1064960K
  class space    used 1231K, committed 1344K, reserved 1048576K
}
Event: 0.502 GC heap after
{Heap after GC invocations=1 (full 0):
 garbage-first heap   total 1048576K, used 12483K [0x0000000412800000, 0x0000000800000000)
  region size 8192K, 1 young (8192K), 1 survivors (8192K)
 Metaspace       used 10395K, committed 10624K, reserved 1064960K
  class space    used 1231K, committed 1344K, reserved 1048576K
}
Event: 0.595 GC heap before
{Heap before GC invocations=1 (full 0):
 garbage-first heap   total 1048576K, used 53443K [0x0000000412800000, 0x0000000800000000)
  region size 8192K, 6 young (49152K), 1 survivors (8192K)
 Metaspace       used 10418K, committed 10624K, reserved 1064960K
  class space    used 1231K, committed 1344K, reserved 1048576K
}
Event: 0.597 GC heap after
{Heap after GC invocations=2 (full 0):
 garbage-first heap   total 1048576K, used 13086K [0x0000000412800000, 0x0000000800000000)
  region size 8192K, 1 young (8192K), 1 survivors (8192K)
 Metaspace       used 10418K, committed 10624K, reserved 1064960K
  class space    used 1231K, committed 1344K, reserved 1048576K
}
Event: 1.367 GC heap before
{Heap before GC invocations=2 (full 0):
 garbage-first heap   total 1048576K, used 70430K [0x0000000412800000, 0x0000000800000000)
  region size 8192K, 9 young (73728K), 1 survivors (8192K)
 Metaspace       used 21271K, committed 21504K, reserved 1073152K
  class space    used 2034K, committed 2176K, reserved 1048576K
}
Event: 1.369 GC heap after
{Heap after GC invocations=3 (full 0):
 garbage-first heap   total 1048576K, used 14960K [0x0000000412800000, 0x0000000800000000)
  region size 8192K, 1 young (8192K), 1 survivors (8192K)
 Metaspace       used 21271K, committed 21504K, reserved 1073152K
  class space    used 2034K, committed 2176K, reserved 1048576K
}
Event: 1.462 GC heap before
{Heap before GC invocations=4 (full 0):
 garbage-first heap   total 139264K, used 96880K [0x0000000412800000, 0x0000000800000000)
  region size 8192K, 12 young (98304K), 1 survivors (8192K)
 Metaspace       used 22424K, committed 22656K, reserved 1073152K
  class space    used 2197K, committed 2304K, reserved 1048576K
}
Event: 1.467 GC heap after
{Heap after GC invocations=5 (full 0):
 garbage-first heap   total 139264K, used 16286K [0x0000000412800000, 0x0000000800000000)
  region size 8192K, 1 young (8192K), 1 survivors (8192K)
 Metaspace       used 22424K, committed 22656K, reserved 1073152K
  class space    used 2197K, committed 2304K, reserved 1048576K
}
Event: 1.670 GC heap before
{Heap before GC invocations=5 (full 0):
 garbage-first heap   total 139264K, used 24478K [0x0000000412800000, 0x0000000800000000)
  region size 8192K, 2 young (16384K), 1 survivors (8192K)
 Metaspace       used 22963K, committed 23296K, reserved 1073152K
  class space    used 2240K, committed 2368K, reserved 1048576K
}
Event: 1.676 GC heap after
{Heap after GC invocations=6 (full 0):
 garbage-first heap   total 139264K, used 17471K [0x0000000412800000, 0x0000000800000000)
  region size 8192K, 1 young (8192K), 1 survivors (8192K)
 Metaspace       used 22963K, committed 23296K, reserved 1073152K
  class space    used 2240K, committed 2368K, reserved 1048576K
}

