# JRE version: OpenJDK Runtime Environment (17.0.2+8) (build 17.0.2+8-Debian-1)
# Java VM: OpenJDK 64-Bit Server VM (17.0.2+8-Debian-1, mixed mode, sharing, tiered, compressed oops, compressed class ptrs, g1 gc, linux-amd64)
GC Precious Log:
 CPUs: 16 total, 16 available
 Memory: 64324M
 Large Page Support: Disabled
 NUMA Support: Disabled
 Compressed Oops: Enabled (Zero based)
 Heap Region Size: 8M
 Heap Min Capacity: 8M
 Heap Initial Capacity: 1008M
 Heap Max Capacity: 16088M
 Pre-touch: Disabled
 Parallel Workers: 13
 Concurrent Workers: 3
 Concurrent Refinement Workers: 13
 Periodic GC: Disabled
Heap:
 garbage-first heap   total 139264K, used 41863K [0x0000000412800000, 0x0000000800000000)
  region size 8192K, 5 young (40960K), 1 survivors (8192K)
 Metaspace       used 25224K, committed 25536K, reserved 1073152K
  class space    used 2337K, committed 2496K, reserved 1048576K
GC Heap History (8 events):
Event: 0.572 GC heap before
{Heap before GC invocations=0 (full 0):
 garbage-first heap   total 1048576K, used 57316K [0x0000000412800000, 0x0000000800000000)
  region size 8192K, 6 young (49152K), 0 survivors (0K)
 Metaspace       used 12808K, committed 13056K, reserved 1064960K
  class space    used 1463K, committed 1600K, reserved 1048576K
}
Event: 0.576 GC heap after
{Heap after GC invocations=1 (full 0):
 garbage-first heap   total 1048576K, used 13158K [0x0000000412800000, 0x0000000800000000)
  region size 8192K, 1 young (8192K), 1 survivors (8192K)
 Metaspace       used 12808K, committed 13056K, reserved 1064960K
  class space    used 1463K, committed 1600K, reserved 1048576K
}
Event: 1.049 GC heap before
{Heap before GC invocations=1 (full 0):
 garbage-first heap   total 1048576K, used 37734K [0x0000000412800000, 0x0000000800000000)
  region size 8192K, 5 young (40960K), 1 survivors (8192K)
 Metaspace       used 21304K, committed 21504K, reserved 1073152K
  class space    used 2015K, committed 2112K, reserved 1048576K
}
Event: 1.053 GC heap after
{Heap after GC invocations=2 (full 0):
 garbage-first heap   total 1048576K, used 14436K [0x0000000412800000, 0x0000000800000000)
  region size 8192K, 1 young (8192K), 1 survivors (8192K)
 Metaspace       used 21304K, committed 21504K, reserved 1073152K
  class space    used 2015K, committed 2112K, reserved 1048576K
}
Event: 1.694 GC heap before
{Heap before GC invocations=3 (full 0):
 garbage-first heap   total 139264K, used 79972K [0x0000000412800000, 0x0000000800000000)
  region size 8192K, 10 young (81920K), 1 survivors (8192K)
 Metaspace       used 23332K, committed 23616K, reserved 1073152K
  class space    used 2211K, committed 2368K, reserved 1048576K
}
Event: 1.696 GC heap after
{Heap after GC invocations=4 (full 0):
 garbage-first heap   total 139264K, used 25359K [0x0000000412800000, 0x0000000800000000)
  region size 8192K, 2 young (16384K), 2 survivors (16384K)
 Metaspace       used 23332K, committed 23616K, reserved 1073152K
  class space    used 2211K, committed 2368K, reserved 1048576K
}
Event: 1.888 GC heap before
{Heap before GC invocations=4 (full 0):
 garbage-first heap   total 139264K, used 33551K [0x0000000412800000, 0x0000000800000000)
  region size 8192K, 3 young (24576K), 2 survivors (16384K)
 Metaspace       used 23348K, committed 23680K, reserved 1073152K
  class space    used 2212K, committed 2368K, reserved 1048576K
}
Event: 1.891 GC heap after
{Heap after GC invocations=5 (full 0):
 garbage-first heap   total 139264K, used 17287K [0x0000000412800000, 0x0000000800000000)
  region size 8192K, 1 young (8192K), 1 survivors (8192K)
 Metaspace       used 23348K, committed 23680K, reserved 1073152K
  class space    used 2212K, committed 2368K, reserved 1048576K
}

