# JRE version: OpenJDK Runtime Environment (17.0.2+8) (build 17.0.2+8-Debian-1)
# Java VM: OpenJDK 64-Bit Server VM (17.0.2+8-Debian-1, mixed mode, sharing, tiered, compressed oops, compressed class ptrs, g1 gc, linux-amd64)
GC Precious Log:
 CPUs: 16 total, 16 available
 Memory: 64324M
 Large Page Support: Disabled
 NUMA Support: Disabled
 Compressed Oops: Enabled (Zero based)
 Heap Region Size: 8M
 Heap Min Capacity: 8M
 Heap Initial Capacity: 1008M
 Heap Max Capacity: 16088M
 Pre-touch: Disabled
 Parallel Workers: 13
 Concurrent Workers: 3
 Concurrent Refinement Workers: 13
 Periodic GC: Disabled
Heap:
 garbage-first heap   total 139264K, used 51901K [0x0000000412800000, 0x0000000800000000)
  region size 8192K, 6 young (49152K), 1 survivors (8192K)
 Metaspace       used 25085K, committed 25408K, reserved 1073152K
  class space    used 2382K, committed 2496K, reserved 1048576K
GC Heap History (12 events):
Event: 0.474 GC heap before
{Heap before GC invocations=0 (full 0):
 garbage-first heap   total 1048576K, used 57316K [0x0000000412800000, 0x0000000800000000)
  region size 8192K, 6 young (49152K), 0 survivors (0K)
 Metaspace       used 10522K, committed 10752K, reserved 1064960K
  class space    used 1179K, committed 1280K, reserved 1048576K
}
Event: 0.476 GC heap after
{Heap after GC invocations=1 (full 0):
 garbage-first heap   total 1048576K, used 12961K [0x0000000412800000, 0x0000000800000000)
  region size 8192K, 1 young (8192K), 1 survivors (8192K)
 Metaspace       used 10522K, committed 10752K, reserved 1064960K
  class space    used 1179K, committed 1280K, reserved 1048576K
}
Event: 0.576 GC heap before
{Heap before GC invocations=1 (full 0):
 garbage-first heap   total 1048576K, used 53921K [0x0000000412800000, 0x0000000800000000)
  region size 8192K, 6 young (49152K), 1 survivors (8192K)
 Metaspace       used 11614K, committed 11776K, reserved 1064960K
  class space    used 1326K, committed 1408K, reserved 1048576K
}
Event: 0.578 GC heap after
{Heap after GC invocations=2 (full 0):
 garbage-first heap   total 1048576K, used 13629K [0x0000000412800000, 0x0000000800000000)
  region size 8192K, 1 young (8192K), 1 survivors (8192K)
 Metaspace       used 11614K, committed 11776K, reserved 1064960K
  class space    used 1326K, committed 1408K, reserved 1048576K
}
Event: 0.993 GC heap before
{Heap before GC invocations=2 (full 0):
 garbage-first heap   total 1048576K, used 111933K [0x0000000412800000, 0x0000000800000000)
  region size 8192K, 13 young (106496K), 1 survivors (8192K)
 Metaspace       used 13833K, committed 14144K, reserved 1064960K
  class space    used 1568K, committed 1728K, reserved 1048576K
}
Event: 0.996 GC heap after
{Heap after GC invocations=3 (full 0):
 garbage-first heap   total 1048576K, used 14720K [0x0000000412800000, 0x0000000800000000)
  region size 8192K, 1 young (8192K), 1 survivors (8192K)
 Metaspace       used 13833K, committed 14144K, reserved 1064960K
  class space    used 1568K, committed 1728K, reserved 1048576K
}
Event: 1.568 GC heap before
{Heap before GC invocations=3 (full 0):
 garbage-first heap   total 1048576K, used 96640K [0x0000000412800000, 0x0000000800000000)
  region size 8192K, 12 young (98304K), 1 survivors (8192K)
 Metaspace       used 21259K, committed 21504K, reserved 1073152K
  class space    used 2025K, committed 2176K, reserved 1048576K
}
Event: 1.570 GC heap after
{Heap after GC invocations=4 (full 0):
 garbage-first heap   total 1048576K, used 16382K [0x0000000412800000, 0x0000000800000000)
  region size 8192K, 1 young (8192K), 1 survivors (8192K)
 Metaspace       used 21259K, committed 21504K, reserved 1073152K
  class space    used 2025K, committed 2176K, reserved 1048576K
}
Event: 1.967 GC heap before
{Heap before GC invocations=5 (full 0):
 garbage-first heap   total 139264K, used 90110K [0x0000000412800000, 0x0000000800000000)
  region size 8192K, 10 young (81920K), 1 survivors (8192K)
 Metaspace       used 24281K, committed 24512K, reserved 1073152K
  class space    used 2321K, committed 2432K, reserved 1048576K
}
Event: 1.969 GC heap after
{Heap after GC invocations=6 (full 0):
 garbage-first heap   total 139264K, used 17162K [0x0000000412800000, 0x0000000800000000)
  region size 8192K, 1 young (8192K), 1 survivors (8192K)
 Metaspace       used 24281K, committed 24512K, reserved 1073152K
  class space    used 2321K, committed 2432K, reserved 1048576K
}
Event: 2.006 GC heap before
{Heap before GC invocations=6 (full 0):
 garbage-first heap   total 139264K, used 25354K [0x0000000412800000, 0x0000000800000000)
  region size 8192K, 2 young (16384K), 1 survivors (8192K)
 Metaspace       used 24447K, committed 24704K, reserved 1073152K
  class space    used 2327K, committed 2432K, reserved 1048576K
}
Event: 2.014 GC heap after
{Heap after GC invocations=7 (full 0):
 garbage-first heap   total 139264K, used 19133K [0x0000000412800000, 0x0000000800000000)
  region size 8192K, 1 young (8192K), 1 survivors (8192K)
 Metaspace       used 24447K, committed 24704K, reserved 1073152K
  class space    used 2327K, committed 2432K, reserved 1048576K
}

