# JRE version: OpenJDK Runtime Environment (17.0.2+8) (build 17.0.2+8-Debian-1)
# Java VM: OpenJDK 64-Bit Server VM (17.0.2+8-Debian-1, mixed mode, sharing, tiered, compressed oops, compressed class ptrs, g1 gc, linux-amd64)
GC Precious Log:
 CPUs: 16 total, 16 available
 Memory: 64324M
 Large Page Support: Disabled
 NUMA Support: Disabled
 Compressed Oops: Enabled (Zero based)
 Heap Region Size: 8M
 Heap Min Capacity: 8M
 Heap Initial Capacity: 1008M
 Heap Max Capacity: 16088M
 Pre-touch: Disabled
 Parallel Workers: 13
 Concurrent Workers: 3
 Concurrent Refinement Workers: 13
 Periodic GC: Disabled
Heap:
 garbage-first heap   total 139264K, used 34620K [0x0000000412800000, 0x0000000800000000)
  region size 8192K, 5 young (40960K), 1 survivors (8192K)
 Metaspace       used 23281K, committed 23552K, reserved 1073152K
  class space    used 2291K, committed 2432K, reserved 1048576K
GC Heap History (10 events):
Event: 0.461 GC heap before
{Heap before GC invocations=0 (full 0):
 garbage-first heap   total 1048576K, used 57316K [0x0000000412800000, 0x0000000800000000)
  region size 8192K, 6 young (49152K), 0 survivors (0K)
 Metaspace       used 10762K, committed 11008K, reserved 1064960K
  class space    used 1285K, committed 1408K, reserved 1048576K
}
Event: 0.463 GC heap after
{Heap after GC invocations=1 (full 0):
 garbage-first heap   total 1048576K, used 12993K [0x0000000412800000, 0x0000000800000000)
  region size 8192K, 1 young (8192K), 1 survivors (8192K)
 Metaspace       used 10762K, committed 11008K, reserved 1064960K
  class space    used 1285K, committed 1408K, reserved 1048576K
}
Event: 0.543 GC heap before
{Heap before GC invocations=1 (full 0):
 garbage-first heap   total 1048576K, used 53953K [0x0000000412800000, 0x0000000800000000)
  region size 8192K, 6 young (49152K), 1 survivors (8192K)
 Metaspace       used 10827K, committed 11072K, reserved 1064960K
  class space    used 1285K, committed 1408K, reserved 1048576K
}
Event: 0.546 GC heap after
{Heap after GC invocations=2 (full 0):
 garbage-first heap   total 1048576K, used 13450K [0x0000000412800000, 0x0000000800000000)
  region size 8192K, 1 young (8192K), 1 survivors (8192K)
 Metaspace       used 10827K, committed 11072K, reserved 1064960K
  class space    used 1285K, committed 1408K, reserved 1048576K
}
Event: 1.267 GC heap before
{Heap before GC invocations=2 (full 0):
 garbage-first heap   total 1048576K, used 87178K [0x0000000412800000, 0x0000000800000000)
  region size 8192K, 11 young (90112K), 1 survivors (8192K)
 Metaspace       used 21215K, committed 21504K, reserved 1073152K
  class space    used 2028K, committed 2176K, reserved 1048576K
}
Event: 1.269 GC heap after
{Heap after GC invocations=3 (full 0):
 garbage-first heap   total 1048576K, used 15475K [0x0000000412800000, 0x0000000800000000)
  region size 8192K, 1 young (8192K), 1 survivors (8192K)
 Metaspace       used 21215K, committed 21504K, reserved 1073152K
  class space    used 2028K, committed 2176K, reserved 1048576K
}
Event: 1.405 GC heap before
{Heap before GC invocations=4 (full 0):
 garbage-first heap   total 139264K, used 97395K [0x0000000412800000, 0x0000000800000000)
  region size 8192K, 12 young (98304K), 1 survivors (8192K)
 Metaspace       used 22716K, committed 23040K, reserved 1073152K
  class space    used 2246K, committed 2368K, reserved 1048576K
}
Event: 1.409 GC heap after
{Heap after GC invocations=5 (full 0):
 garbage-first heap   total 139264K, used 17453K [0x0000000412800000, 0x0000000800000000)
  region size 8192K, 1 young (8192K), 1 survivors (8192K)
 Metaspace       used 22716K, committed 23040K, reserved 1073152K
  class space    used 2246K, committed 2368K, reserved 1048576K
}
Event: 1.787 GC heap before
{Heap before GC invocations=5 (full 0):
 garbage-first heap   total 139264K, used 17453K [0x0000000412800000, 0x0000000800000000)
  region size 8192K, 2 young (16384K), 1 survivors (8192K)
 Metaspace       used 23233K, committed 23552K, reserved 1073152K
  class space    used 2291K, committed 2432K, reserved 1048576K
}
Event: 1.792 GC heap after
{Heap after GC invocations=6 (full 0):
 garbage-first heap   total 139264K, used 18236K [0x0000000412800000, 0x0000000800000000)
  region size 8192K, 1 young (8192K), 1 survivors (8192K)
 Metaspace       used 23233K, committed 23552K, reserved 1073152K
  class space    used 2291K, committed 2432K, reserved 1048576K
}

