# JRE version: OpenJDK Runtime Environment (17.0.2+8) (build 17.0.2+8-Ubuntu-120.04)
# Java VM: OpenJDK 64-Bit Server VM (17.0.2+8-Ubuntu-120.04, mixed mode, sharing, tiered, compressed oops, compressed class ptrs, g1 gc, linux-amd64)
GC Precious Log:
 CPUs: 4 total, 4 available
 Memory: 7845M
 Large Page Support: Disabled
 NUMA Support: Disabled
 Compressed Oops: Enabled (32-bit)
 Heap Region Size: 1M
 Heap Min Capacity: 8M
 Heap Initial Capacity: 124M
 Heap Max Capacity: 1962M
 Pre-touch: Disabled
 Parallel Workers: 4
 Concurrent Workers: 1
 Concurrent Refinement Workers: 4
 Periodic GC: Disabled
Heap:
 garbage-first heap   total 88064K, used 62601K [0x0000000085600000, 0x0000000100000000)
  region size 1024K, 32 young (32768K), 1 survivors (1024K)
 Metaspace       used 24795K, committed 25152K, reserved 1073152K
  class space    used 2332K, committed 2496K, reserved 1048576K
GC Heap History (18 events):
Event: 0.632 GC heap before
{Heap before GC invocations=0 (full 0):
 garbage-first heap   total 129024K, used 18404K [0x0000000085600000, 0x0000000100000000)
  region size 1024K, 13 young (13312K), 0 survivors (0K)
 Metaspace       used 5050K, committed 5248K, reserved 1056768K
  class space    used 610K, committed 704K, reserved 1048576K
}
Event: 0.636 GC heap after
{Heap after GC invocations=1 (full 0):
 garbage-first heap   total 129024K, used 4886K [0x0000000085600000, 0x0000000100000000)
  region size 1024K, 2 young (2048K), 2 survivors (2048K)
 Metaspace       used 5050K, committed 5248K, reserved 1056768K
  class space    used 610K, committed 704K, reserved 1048576K
}
Event: 1.043 GC heap before
{Heap before GC invocations=1 (full 0):
 garbage-first heap   total 129024K, used 24342K [0x0000000085600000, 0x0000000100000000)
  region size 1024K, 21 young (21504K), 2 survivors (2048K)
 Metaspace       used 10799K, committed 11008K, reserved 1064960K
  class space    used 1311K, committed 1408K, reserved 1048576K
}
Event: 1.049 GC heap after
{Heap after GC invocations=2 (full 0):
 garbage-first heap   total 129024K, used 6260K [0x0000000085600000, 0x0000000100000000)
  region size 1024K, 2 young (2048K), 2 survivors (2048K)
 Metaspace       used 10799K, committed 11008K, reserved 1064960K
  class space    used 1311K, committed 1408K, reserved 1048576K
}
Event: 2.167 GC heap before
{Heap before GC invocations=2 (full 0):
 garbage-first heap   total 129024K, used 44148K [0x0000000085600000, 0x0000000100000000)
  region size 1024K, 40 young (40960K), 2 survivors (2048K)
 Metaspace       used 18444K, committed 18688K, reserved 1073152K
  class space    used 1776K, committed 1920K, reserved 1048576K
}
Event: 2.171 GC heap after
{Heap after GC invocations=3 (full 0):
 garbage-first heap   total 129024K, used 7084K [0x0000000085600000, 0x0000000100000000)
  region size 1024K, 3 young (3072K), 3 survivors (3072K)
 Metaspace       used 18444K, committed 18688K, reserved 1073152K
  class space    used 1776K, committed 1920K, reserved 1048576K
}
Event: 2.385 GC heap before
{Heap before GC invocations=3 (full 0):
 garbage-first heap   total 129024K, used 16300K [0x0000000085600000, 0x0000000100000000)
  region size 1024K, 13 young (13312K), 3 survivors (3072K)
 Metaspace       used 21256K, committed 21504K, reserved 1073152K
  class space    used 2046K, committed 2176K, reserved 1048576K
}
Event: 2.390 GC heap after
{Heap after GC invocations=4 (full 0):
 garbage-first heap   total 129024K, used 7456K [0x0000000085600000, 0x0000000100000000)
  region size 1024K, 3 young (3072K), 3 survivors (3072K)
 Metaspace       used 21256K, committed 21504K, reserved 1073152K
  class space    used 2046K, committed 2176K, reserved 1048576K
}
Event: 2.702 GC heap before
{Heap before GC invocations=5 (full 0):
 garbage-first heap   total 34816K, used 24864K [0x0000000085600000, 0x0000000100000000)
  region size 1024K, 21 young (21504K), 3 survivors (3072K)
 Metaspace       used 22283K, committed 22592K, reserved 1073152K
  class space    used 2153K, committed 2304K, reserved 1048576K
}
Event: 2.721 GC heap after
{Heap after GC invocations=6 (full 0):
 garbage-first heap   total 34816K, used 9228K [0x0000000085600000, 0x0000000100000000)
  region size 1024K, 3 young (3072K), 3 survivors (3072K)
 Metaspace       used 22283K, committed 22592K, reserved 1073152K
  class space    used 2153K, committed 2304K, reserved 1048576K
}
Event: 2.750 GC heap before
{Heap before GC invocations=6 (full 0):
 garbage-first heap   total 34816K, used 9228K [0x0000000085600000, 0x0000000100000000)
  region size 1024K, 4 young (4096K), 3 survivors (3072K)
 Metaspace       used 22312K, committed 22656K, reserved 1073152K
  class space    used 2154K, committed 2304K, reserved 1048576K
}
Event: 2.768 GC heap after
{Heap after GC invocations=7 (full 0):
 garbage-first heap   total 34816K, used 9511K [0x0000000085600000, 0x0000000100000000)
  region size 1024K, 1 young (1024K), 1 survivors (1024K)
 Metaspace       used 22312K, committed 22656K, reserved 1073152K
  class space    used 2154K, committed 2304K, reserved 1048576K
}
Event: 4.692 GC heap before
{Heap before GC invocations=7 (full 0):
 garbage-first heap   total 34816K, used 23847K [0x0000000085600000, 0x0000000100000000)
  region size 1024K, 15 young (15360K), 1 survivors (1024K)
 Metaspace       used 22874K, committed 23232K, reserved 1073152K
  class space    used 2204K, committed 2368K, reserved 1048576K
}
Event: 4.697 GC heap after
{Heap after GC invocations=8 (full 0):
 garbage-first heap   total 34816K, used 13648K [0x0000000085600000, 0x0000000100000000)
  region size 1024K, 2 young (2048K), 2 survivors (2048K)
 Metaspace       used 22874K, committed 23232K, reserved 1073152K
  class space    used 2204K, committed 2368K, reserved 1048576K
}
Event: 4.744 GC heap before
{Heap before GC invocations=8 (full 0):
 garbage-first heap   total 34816K, used 19792K [0x0000000085600000, 0x0000000100000000)
  region size 1024K, 7 young (7168K), 2 survivors (2048K)
 Metaspace       used 22874K, committed 23232K, reserved 1073152K
  class space    used 2204K, committed 2368K, reserved 1048576K
}
Event: 4.772 GC heap after
{Heap after GC invocations=9 (full 0):
 garbage-first heap   total 34816K, used 16405K [0x0000000085600000, 0x0000000100000000)
  region size 1024K, 2 young (2048K), 2 survivors (2048K)
 Metaspace       used 22874K, committed 23232K, reserved 1073152K
  class space    used 2204K, committed 2368K, reserved 1048576K
}
Event: 4.796 GC heap before
{Heap before GC invocations=9 (full 0):
 garbage-first heap   total 34816K, used 26645K [0x0000000085600000, 0x0000000100000000)
  region size 1024K, 8 young (8192K), 2 survivors (2048K)
 Metaspace       used 22884K, committed 23232K, reserved 1073152K
  class space    used 2204K, committed 2368K, reserved 1048576K
}
Event: 4.799 GC heap after
{Heap after GC invocations=10 (full 0):
 garbage-first heap   total 88064K, used 20617K [0x0000000085600000, 0x0000000100000000)
  region size 1024K, 1 young (1024K), 1 survivors (1024K)
 Metaspace       used 22884K, committed 23232K, reserved 1073152K
  class space    used 2204K, committed 2368K, reserved 1048576K
}

