# JRE version: OpenJDK Runtime Environment (17.0.2+8) (build 17.0.2+8-Debian-1)
# Java VM: OpenJDK 64-Bit Server VM (17.0.2+8-Debian-1, mixed mode, sharing, tiered, compressed oops, compressed class ptrs, g1 gc, linux-amd64)
GC Precious Log:
 CPUs: 4 total, 4 available
 Memory: 32069M
 Large Page Support: Disabled
 NUMA Support: Disabled
 Compressed Oops: Enabled (Zero based)
 Heap Region Size: 4M
 Heap Min Capacity: 8M
 Heap Initial Capacity: 504M
 Heap Max Capacity: 8020M
 Pre-touch: Disabled
 Parallel Workers: 4
 Concurrent Workers: 1
 Concurrent Refinement Workers: 4
 Periodic GC: Disabled
Heap:
 garbage-first heap   total 294912K, used 40063K [0x000000060ac00000, 0x0000000800000000)
  region size 4096K, 4 young (16384K), 1 survivors (4096K)
 Metaspace       used 22538K, committed 22912K, reserved 1073152K
  class space    used 2231K, committed 2432K, reserved 1048576K
GC Heap History (14 events):
Event: 0.489 GC heap before
{Heap before GC invocations=0 (full 0):
 garbage-first heap   total 524288K, used 28644K [0x000000060ac00000, 0x0000000800000000)
  region size 4096K, 6 young (24576K), 0 survivors (0K)
 Metaspace       used 9700K, committed 9920K, reserved 1064960K
  class space    used 1165K, committed 1280K, reserved 1048576K
}
Event: 0.492 GC heap after
{Heap after GC invocations=1 (full 0):
 garbage-first heap   total 524288K, used 8047K [0x000000060ac00000, 0x0000000800000000)
  region size 4096K, 1 young (4096K), 1 survivors (4096K)
 Metaspace       used 9700K, committed 9920K, reserved 1064960K
  class space    used 1165K, committed 1280K, reserved 1048576K
}
Event: 0.579 GC heap before
{Heap before GC invocations=1 (full 0):
 garbage-first heap   total 524288K, used 28527K [0x000000060ac00000, 0x0000000800000000)
  region size 4096K, 6 young (24576K), 1 survivors (4096K)
 Metaspace       used 10272K, committed 10496K, reserved 1064960K
  class space    used 1228K, committed 1344K, reserved 1048576K
}
Event: 0.583 GC heap after
{Heap after GC invocations=2 (full 0):
 garbage-first heap   total 524288K, used 8517K [0x000000060ac00000, 0x0000000800000000)
  region size 4096K, 1 young (4096K), 1 survivors (4096K)
 Metaspace       used 10272K, committed 10496K, reserved 1064960K
  class space    used 1228K, committed 1344K, reserved 1048576K
}
Event: 0.714 GC heap before
{Heap before GC invocations=2 (full 0):
 garbage-first heap   total 524288K, used 49477K [0x000000060ac00000, 0x0000000800000000)
  region size 4096K, 11 young (45056K), 1 survivors (4096K)
 Metaspace       used 10288K, committed 10496K, reserved 1064960K
  class space    used 1228K, committed 1344K, reserved 1048576K
}
Event: 0.715 GC heap after
{Heap after GC invocations=3 (full 0):
 garbage-first heap   total 524288K, used 8717K [0x000000060ac00000, 0x0000000800000000)
  region size 4096K, 1 young (4096K), 1 survivors (4096K)
 Metaspace       used 10288K, committed 10496K, reserved 1064960K
  class space    used 1228K, committed 1344K, reserved 1048576K
}
Event: 1.555 GC heap before
{Heap before GC invocations=3 (full 0):
 garbage-first heap   total 524288K, used 74253K [0x000000060ac00000, 0x0000000800000000)
  region size 4096K, 18 young (73728K), 1 survivors (4096K)
 Metaspace       used 21236K, committed 21504K, reserved 1073152K
  class space    used 2087K, committed 2240K, reserved 1048576K
}
Event: 1.559 GC heap after
{Heap after GC invocations=4 (full 0):
 garbage-first heap   total 524288K, used 10908K [0x000000060ac00000, 0x0000000800000000)
  region size 4096K, 1 young (4096K), 1 survivors (4096K)
 Metaspace       used 21236K, committed 21504K, reserved 1073152K
  class space    used 2087K, committed 2240K, reserved 1048576K
}
Event: 1.663 GC heap before
{Heap before GC invocations=5 (full 0):
 garbage-first heap   total 69632K, used 51868K [0x000000060ac00000, 0x0000000800000000)
  region size 4096K, 12 young (49152K), 1 survivors (4096K)
 Metaspace       used 21842K, committed 22144K, reserved 1073152K
  class space    used 2164K, committed 2304K, reserved 1048576K
}
Event: 1.668 GC heap after
{Heap after GC invocations=6 (full 0):
 garbage-first heap   total 69632K, used 12203K [0x000000060ac00000, 0x0000000800000000)
  region size 4096K, 2 young (8192K), 2 survivors (8192K)
 Metaspace       used 21842K, committed 22144K, reserved 1073152K
  class space    used 2164K, committed 2304K, reserved 1048576K
}
Event: 2.473 GC heap before
{Heap before GC invocations=6 (full 0):
 garbage-first heap   total 69632K, used 40875K [0x000000060ac00000, 0x0000000800000000)
  region size 4096K, 10 young (40960K), 2 survivors (8192K)
 Metaspace       used 22250K, committed 22592K, reserved 1073152K
  class space    used 2209K, committed 2368K, reserved 1048576K
}
Event: 2.487 GC heap after
{Heap after GC invocations=7 (full 0):
 garbage-first heap   total 69632K, used 23631K [0x000000060ac00000, 0x0000000800000000)
  region size 4096K, 2 young (8192K), 2 survivors (8192K)
 Metaspace       used 22250K, committed 22592K, reserved 1073152K
  class space    used 2209K, committed 2368K, reserved 1048576K
}
Event: 2.515 GC heap before
{Heap before GC invocations=7 (full 0):
 garbage-first heap   total 69632K, used 35919K [0x000000060ac00000, 0x0000000800000000)
  region size 4096K, 6 young (24576K), 2 survivors (8192K)
 Metaspace       used 22256K, committed 22592K, reserved 1073152K
  class space    used 2209K, committed 2368K, reserved 1048576K
}
Event: 2.525 GC heap after
{Heap after GC invocations=8 (full 0):
 garbage-first heap   total 294912K, used 31871K [0x000000060ac00000, 0x0000000800000000)
  region size 4096K, 1 young (4096K), 1 survivors (4096K)
 Metaspace       used 22256K, committed 22592K, reserved 1073152K
  class space    used 2209K, committed 2368K, reserved 1048576K
}

