# JRE version: OpenJDK Runtime Environment (17.0.2+8) (build 17.0.2+8-Debian-1)
# Java VM: OpenJDK 64-Bit Server VM (17.0.2+8-Debian-1, mixed mode, sharing, tiered, compressed oops, compressed class ptrs, g1 gc, linux-amd64)
GC Precious Log:
 CPUs: 4 total, 4 available
 Memory: 32069M
 Large Page Support: Disabled
 NUMA Support: Disabled
 Compressed Oops: Enabled (Zero based)
 Heap Region Size: 4M
 Heap Min Capacity: 8M
 Heap Initial Capacity: 504M
 Heap Max Capacity: 8020M
 Pre-touch: Disabled
 Parallel Workers: 4
 Concurrent Workers: 1
 Concurrent Refinement Workers: 4
 Periodic GC: Disabled
Heap:
 garbage-first heap   total 73728K, used 38366K [0x000000060ac00000, 0x0000000800000000)
  region size 4096K, 3 young (12288K), 1 survivors (4096K)
 Metaspace       used 22545K, committed 22848K, reserved 1073152K
  class space    used 2225K, committed 2368K, reserved 1048576K
GC Heap History (14 events):
Event: 0.496 GC heap before
{Heap before GC invocations=0 (full 0):
 garbage-first heap   total 524288K, used 28644K [0x000000060ac00000, 0x0000000800000000)
  region size 4096K, 6 young (24576K), 0 survivors (0K)
 Metaspace       used 9701K, committed 9920K, reserved 1064960K
  class space    used 1165K, committed 1280K, reserved 1048576K
}
Event: 0.500 GC heap after
{Heap after GC invocations=1 (full 0):
 garbage-first heap   total 524288K, used 8007K [0x000000060ac00000, 0x0000000800000000)
  region size 4096K, 1 young (4096K), 1 survivors (4096K)
 Metaspace       used 9701K, committed 9920K, reserved 1064960K
  class space    used 1165K, committed 1280K, reserved 1048576K
}
Event: 0.587 GC heap before
{Heap before GC invocations=1 (full 0):
 garbage-first heap   total 524288K, used 28487K [0x000000060ac00000, 0x0000000800000000)
  region size 4096K, 6 young (24576K), 1 survivors (4096K)
 Metaspace       used 10276K, committed 10496K, reserved 1064960K
  class space    used 1228K, committed 1344K, reserved 1048576K
}
Event: 0.590 GC heap after
{Heap after GC invocations=2 (full 0):
 garbage-first heap   total 524288K, used 8509K [0x000000060ac00000, 0x0000000800000000)
  region size 4096K, 1 young (4096K), 1 survivors (4096K)
 Metaspace       used 10276K, committed 10496K, reserved 1064960K
  class space    used 1228K, committed 1344K, reserved 1048576K
}
Event: 0.728 GC heap before
{Heap before GC invocations=2 (full 0):
 garbage-first heap   total 524288K, used 49469K [0x000000060ac00000, 0x0000000800000000)
  region size 4096K, 11 young (45056K), 1 survivors (4096K)
 Metaspace       used 10292K, committed 10496K, reserved 1064960K
  class space    used 1228K, committed 1344K, reserved 1048576K
}
Event: 0.729 GC heap after
{Heap after GC invocations=3 (full 0):
 garbage-first heap   total 524288K, used 8708K [0x000000060ac00000, 0x0000000800000000)
  region size 4096K, 1 young (4096K), 1 survivors (4096K)
 Metaspace       used 10292K, committed 10496K, reserved 1064960K
  class space    used 1228K, committed 1344K, reserved 1048576K
}
Event: 1.524 GC heap before
{Heap before GC invocations=3 (full 0):
 garbage-first heap   total 524288K, used 74244K [0x000000060ac00000, 0x0000000800000000)
  region size 4096K, 18 young (73728K), 1 survivors (4096K)
 Metaspace       used 21237K, committed 21504K, reserved 1073152K
  class space    used 2086K, committed 2240K, reserved 1048576K
}
Event: 1.526 GC heap after
{Heap after GC invocations=4 (full 0):
 garbage-first heap   total 524288K, used 10882K [0x000000060ac00000, 0x0000000800000000)
  region size 4096K, 1 young (4096K), 1 survivors (4096K)
 Metaspace       used 21237K, committed 21504K, reserved 1073152K
  class space    used 2086K, committed 2240K, reserved 1048576K
}
Event: 1.606 GC heap before
{Heap before GC invocations=5 (full 0):
 garbage-first heap   total 69632K, used 51842K [0x000000060ac00000, 0x0000000800000000)
  region size 4096K, 12 young (49152K), 1 survivors (4096K)
 Metaspace       used 21921K, committed 22272K, reserved 1073152K
  class space    used 2166K, committed 2304K, reserved 1048576K
}
Event: 1.614 GC heap after
{Heap after GC invocations=6 (full 0):
 garbage-first heap   total 69632K, used 12098K [0x000000060ac00000, 0x0000000800000000)
  region size 4096K, 1 young (4096K), 1 survivors (4096K)
 Metaspace       used 21921K, committed 22272K, reserved 1073152K
  class space    used 2166K, committed 2304K, reserved 1048576K
}
Event: 2.486 GC heap before
{Heap before GC invocations=6 (full 0):
 garbage-first heap   total 69632K, used 44866K [0x000000060ac00000, 0x0000000800000000)
  region size 4096K, 10 young (40960K), 1 survivors (4096K)
 Metaspace       used 22253K, committed 22592K, reserved 1073152K
  class space    used 2204K, committed 2368K, reserved 1048576K
}
Event: 2.514 GC heap after
{Heap after GC invocations=7 (full 0):
 garbage-first heap   total 73728K, used 26307K [0x000000060ac00000, 0x0000000800000000)
  region size 4096K, 2 young (8192K), 2 survivors (8192K)
 Metaspace       used 22253K, committed 22592K, reserved 1073152K
  class space    used 2204K, committed 2368K, reserved 1048576K
}
Event: 2.559 GC heap before
{Heap before GC invocations=7 (full 0):
 garbage-first heap   total 73728K, used 38595K [0x000000060ac00000, 0x0000000800000000)
  region size 4096K, 6 young (24576K), 2 survivors (8192K)
 Metaspace       used 22292K, committed 22592K, reserved 1073152K
  class space    used 2205K, committed 2368K, reserved 1048576K
}
Event: 2.570 GC heap after
{Heap after GC invocations=8 (full 0):
 garbage-first heap   total 73728K, used 34270K [0x000000060ac00000, 0x0000000800000000)
  region size 4096K, 1 young (4096K), 1 survivors (4096K)
 Metaspace       used 22292K, committed 22592K, reserved 1073152K
  class space    used 2205K, committed 2368K, reserved 1048576K
}

